L 05/24/2016 - 15:49:10: SourceMod error session started
L 05/24/2016 - 15:49:10: Info (map "de_dust2") (file "errors_20160524.log")
L 05/24/2016 - 15:49:10: [kiwi-mysqlstats.smx] Failed match creation query, error = Table 'kiwi.kiwi_stats_matches' doesn't exist
L 05/24/2016 - 15:49:11: Error log file session closed.
L 05/24/2016 - 16:11:27: SourceMod error session started
L 05/24/2016 - 16:11:27: Info (map "de_dust2") (file "errors_20160524.log")
L 05/24/2016 - 16:11:27: [kiwi-mysqlstats.smx] Failed match creation query, error = Table 'kiwi.kiwi_stats_matches' doesn't exist
L 05/24/2016 - 16:11:28: Error log file session closed.
L 05/24/2016 - 16:20:38: SourceMod error session started
L 05/24/2016 - 16:20:38: Info (map "de_dust2") (file "errors_20160524.log")
L 05/24/2016 - 16:20:38: [kiwi.smx] Failed to load match config: Missing "team1" section in match json
L 05/24/2016 - 16:20:38: [kiwi.smx] Failed to load match config: invalid match json
L 05/24/2016 - 16:20:39: Error log file session closed.
L 05/24/2016 - 16:21:11: SourceMod error session started
L 05/24/2016 - 16:21:11: Info (map "de_dust2") (file "errors_20160524.log")
L 05/24/2016 - 16:21:11: [kiwi-mysqlstats.smx] Failed match creation query, error = Table 'kiwi.kiwi_stats_matches' doesn't exist
L 05/24/2016 - 16:21:12: Error log file session closed.
L 05/24/2016 - 17:27:49: SourceMod error session started
L 05/24/2016 - 17:27:49: Info (map "de_dust2") (file "errors_20160524.log")
L 05/24/2016 - 17:27:49: [kiwi-mysqlstats.smx] Failed match creation query, error = Table 'kiwi.kiwi_stats_matches' doesn't exist
L 05/24/2016 - 17:27:53: Error log file session closed.
L 05/24/2016 - 17:34:38: SourceMod error session started
L 05/24/2016 - 17:34:38: Info (map "de_dust2") (file "errors_20160524.log")
L 05/24/2016 - 17:34:38: [kiwi-mysqlstats.smx] Failed match creation query, error = Table 'kiwi.kiwi_stats_matches' doesn't exist
L 05/24/2016 - 17:34:42: Error log file session closed.
L 05/24/2016 - 20:12:46: SourceMod error session started
L 05/24/2016 - 20:12:46: Info (map "de_dust2") (file "errors_20160524.log")
L 05/24/2016 - 20:12:46: [SM] Exception reported: Could not connect to kiwi database: [1045]: Access denied for user 'root'@'pool-173-76-240-9.bstnma.fios.verizon.net' (using password: YES)
L 05/24/2016 - 20:12:46: [SM] Blaming: kiwi-mysqlstats.smx()
L 05/24/2016 - 20:12:46: [SM] Call stack trace:
L 05/24/2016 - 20:12:46: [SM]   [0] SetFailState
L 05/24/2016 - 20:12:46: [SM]   [1] Line 35, kiwi-mysqlstats.sp::OnPluginStart()
L 05/24/2016 - 20:12:46: [SM] Unable to load plugin "kiwi-mysqlstats.smx": Error detected in plugin startup (see error logs)
L 05/24/2016 - 20:14:46: Error log file session closed.
L 05/24/2016 - 20:14:59: SourceMod error session started
L 05/24/2016 - 20:14:59: Info (map "de_dust2") (file "errors_20160524.log")
L 05/24/2016 - 20:14:59: [SM] Exception reported: Could not connect to kiwi database: [1045]: Access denied for user 'root'@'pool-173-76-240-9.bstnma.fios.verizon.net' (using password: YES)
L 05/24/2016 - 20:14:59: [SM] Blaming: kiwi-mysqlstats.smx()
L 05/24/2016 - 20:14:59: [SM] Call stack trace:
L 05/24/2016 - 20:14:59: [SM]   [0] SetFailState
L 05/24/2016 - 20:14:59: [SM]   [1] Line 35, kiwi-mysqlstats.sp::OnPluginStart()
L 05/24/2016 - 20:14:59: [SM] Unable to load plugin "kiwi-mysqlstats.smx": Error detected in plugin startup (see error logs)
L 05/24/2016 - 20:16:28: Error log file session closed.
L 05/24/2016 - 20:16:41: SourceMod error session started
L 05/24/2016 - 20:16:41: Info (map "de_dust2") (file "errors_20160524.log")
L 05/24/2016 - 20:16:41: [SM] Exception reported: Could not connect to kiwi database: [1045]: Access denied for user 'root'@'pool-173-76-240-9.bstnma.fios.verizon.net' (using password: YES)
L 05/24/2016 - 20:16:41: [SM] Blaming: kiwi-mysqlstats.smx()
L 05/24/2016 - 20:16:41: [SM] Call stack trace:
L 05/24/2016 - 20:16:41: [SM]   [0] SetFailState
L 05/24/2016 - 20:16:41: [SM]   [1] Line 35, kiwi-mysqlstats.sp::OnPluginStart()
L 05/24/2016 - 20:16:41: [SM] Unable to load plugin "kiwi-mysqlstats.smx": Error detected in plugin startup (see error logs)
L 05/24/2016 - 20:21:55: Error log file session closed.
L 05/24/2016 - 20:22:10: SourceMod error session started
L 05/24/2016 - 20:22:10: Info (map "de_dust2") (file "errors_20160524.log")
L 05/24/2016 - 20:22:10: [SM] Exception reported: Could not connect to kiwi database: [1045]: Access denied for user 'root'@'pool-173-76-240-9.bstnma.fios.verizon.net' (using password: YES)
L 05/24/2016 - 20:22:10: [SM] Blaming: kiwi-mysqlstats.smx()
L 05/24/2016 - 20:22:10: [SM] Call stack trace:
L 05/24/2016 - 20:22:10: [SM]   [0] SetFailState
L 05/24/2016 - 20:22:10: [SM]   [1] Line 35, kiwi-mysqlstats.sp::OnPluginStart()
L 05/24/2016 - 20:22:10: [SM] Unable to load plugin "kiwi-mysqlstats.smx": Error detected in plugin startup (see error logs)
L 05/24/2016 - 20:46:07: Error log file session closed.
L 05/24/2016 - 21:24:10: SourceMod error session started
L 05/24/2016 - 21:24:10: Info (map "de_dust2") (file "errors_20160524.log")
L 05/24/2016 - 21:24:10: [kiwi.smx] Failed to read input auth id "ABC", inputId
L 05/24/2016 - 21:24:10: [kiwi.smx] Failed to read input auth id "ABC", inputId
L 05/24/2016 - 21:24:10: [kiwi.smx] Failed to read input auth id "ABC", inputId
L 05/24/2016 - 21:24:10: [kiwi.smx] Failed to read input auth id "ABC", inputId
L 05/24/2016 - 21:24:10: [kiwi.smx] Failed to read input auth id "ABC", inputId
L 05/24/2016 - 21:24:10: [kiwi.smx] Failed to read input auth id "ABC", inputId
L 05/24/2016 - 21:24:10: [kiwi.smx] Failed to read input auth id "ABC", inputId
L 05/24/2016 - 21:24:10: [kiwi.smx] Failed to read input auth id "ABC", inputId
L 05/24/2016 - 21:24:11: Error log file session closed.
