L 05/22/2016 - 22:17:14: SourceMod log file session started (file "L20160522.log") (Version "1.8.0.5893")
L 05/22/2016 - 22:17:14: Log file closed.
L 05/22/2016 - 22:17:28: SourceMod log file session started (file "L20160522.log") (Version "1.8.0.5893")
L 05/22/2016 - 22:17:28: -------- Mapchange to de_dust2 --------
L 05/22/2016 - 22:22:25: Log file closed.
L 05/22/2016 - 22:22:38: SourceMod log file session started (file "L20160522.log") (Version "1.8.0.5893")
L 05/22/2016 - 22:22:38: -------- Mapchange to de_dust2 --------
L 05/22/2016 - 22:24:28: -------- Mapchange to de_dust2 --------
L 05/22/2016 - 22:24:37: [UPDATER] Successfully updated gamedata file "funcommands.games.txt"
L 05/22/2016 - 22:24:37: [UPDATER] SourceMod has been updated, please reload it or restart your server.
L 05/22/2016 - 22:24:37: [kiwi-mysqlstats.smx] Starting match id 26
L 05/22/2016 - 22:24:42: -------- Mapchange to de_santorini --------
L 05/22/2016 - 22:25:40: [kiwi.smx] Recording to kiwi-match-26.dem
L 05/22/2016 - 22:29:20: Log file closed.
L 05/22/2016 - 22:29:33: SourceMod log file session started (file "L20160522.log") (Version "1.8.0.5893")
L 05/22/2016 - 22:29:33: -------- Mapchange to de_dust2 --------
L 05/22/2016 - 22:35:29: Log file closed.
L 05/22/2016 - 22:35:42: SourceMod log file session started (file "L20160522.log") (Version "1.8.0.5893")
L 05/22/2016 - 22:35:42: -------- Mapchange to de_dust2 --------
L 05/22/2016 - 22:56:50: Log file closed.
L 05/22/2016 - 22:57:02: SourceMod log file session started (file "L20160522.log") (Version "1.8.0.5893")
L 05/22/2016 - 22:57:02: -------- Mapchange to de_dust2 --------
L 05/22/2016 - 22:59:17: -------- Mapchange to de_dust2 --------
L 05/22/2016 - 22:59:59: -------- Mapchange to de_dust2 --------
L 05/22/2016 - 23:00:00: [kiwi-mysqlstats.smx] Starting match id 27
L 05/22/2016 - 23:00:06: -------- Mapchange to de_santorini --------
L 05/22/2016 - 23:01:50: [kiwi.smx] Recording to kiwi-match-27.dem
L 05/22/2016 - 23:33:19: Log file closed.
L 05/22/2016 - 23:33:32: SourceMod log file session started (file "L20160522.log") (Version "1.8.0.5893")
L 05/22/2016 - 23:33:32: -------- Mapchange to de_dust2 --------
L 05/22/2016 - 23:34:30: -------- Mapchange to de_dust2 --------
L 05/22/2016 - 23:34:32: [kiwi-mysqlstats.smx] Starting match id 28
L 05/22/2016 - 23:34:37: -------- Mapchange to de_santorini --------
L 05/22/2016 - 23:36:47: [kiwi.smx] Recording to kiwi-match-28.dem
L 05/22/2016 - 23:51:09: Log file closed.
L 05/22/2016 - 23:51:22: SourceMod log file session started (file "L20160522.log") (Version "1.8.0.5893")
L 05/22/2016 - 23:51:22: -------- Mapchange to de_dust2 --------
L 05/22/2016 - 23:53:04: -------- Mapchange to de_dust2 --------
L 05/22/2016 - 23:53:06: [kiwi-mysqlstats.smx] Starting match id 29
L 05/22/2016 - 23:53:11: -------- Mapchange to de_santorini --------
L 05/22/2016 - 23:56:53: [kiwi.smx] Recording to kiwi-match-29.dem
