L 05/19/2016 - 02:30:03: SourceMod log file session started (file "L20160519.log") (Version "1.8.0.5893")
L 05/19/2016 - 02:30:03: Log file closed.
L 05/19/2016 - 02:30:08: SourceMod log file session started (file "L20160519.log") (Version "1.8.0.5893")
L 05/19/2016 - 02:30:08: -------- Mapchange to de_dust2 --------
L 05/19/2016 - 02:36:00: Log file closed.
L 05/19/2016 - 02:37:37: SourceMod log file session started (file "L20160519.log") (Version "1.8.0.5893")
L 05/19/2016 - 02:37:37: -------- Mapchange to de_dust2 --------
L 05/19/2016 - 02:38:01: -------- Mapchange to de_dust2 --------
L 05/19/2016 - 02:38:03: [kiwi-mysqlstats.smx] Starting match id 8
L 05/19/2016 - 02:38:08: -------- Mapchange to de_cache --------
L 05/19/2016 - 02:38:56: [kiwi.smx] Recording to kiwi-match-8.dem
L 05/19/2016 - 02:40:11: [kiwi-mysqlstats.smx] UpdateRoundStats map 0
L 05/19/2016 - 02:40:42: [kiwi-mysqlstats.smx] UpdateRoundStats map 0
L 05/19/2016 - 02:41:32: [kiwi-mysqlstats.smx] UpdateRoundStats map 0
L 05/19/2016 - 02:42:06: [kiwi-mysqlstats.smx] UpdateRoundStats map 0
L 05/19/2016 - 02:42:41: [kiwi-mysqlstats.smx] UpdateRoundStats map 0
L 05/19/2016 - 02:43:19: [kiwi-mysqlstats.smx] UpdateRoundStats map 0
L 05/19/2016 - 02:44:05: [kiwi-mysqlstats.smx] UpdateRoundStats map 0
L 05/19/2016 - 02:44:37: [kiwi-mysqlstats.smx] UpdateRoundStats map 0
L 05/19/2016 - 02:45:30: [kiwi-mysqlstats.smx] UpdateRoundStats map 0
L 05/19/2016 - 02:46:33: [kiwi-mysqlstats.smx] UpdateRoundStats map 0
L 05/19/2016 - 02:47:18: [kiwi-mysqlstats.smx] UpdateRoundStats map 0
L 05/19/2016 - 02:48:03: [kiwi-mysqlstats.smx] UpdateRoundStats map 0
L 05/19/2016 - 02:48:33: [kiwi-mysqlstats.smx] UpdateRoundStats map 0
L 05/19/2016 - 02:49:39: [kiwi-mysqlstats.smx] UpdateRoundStats map 0
L 05/19/2016 - 02:50:25: [kiwi-mysqlstats.smx] UpdateRoundStats map 0
L 05/19/2016 - 12:39:53: Log file closed.
L 05/19/2016 - 12:40:06: SourceMod log file session started (file "L20160519.log") (Version "1.8.0.5893")
L 05/19/2016 - 12:40:06: -------- Mapchange to de_dust2 --------
L 05/19/2016 - 12:41:49: -------- Mapchange to de_dust2 --------
L 05/19/2016 - 12:41:50: [kiwi-mysqlstats.smx] Starting match id 9
L 05/19/2016 - 12:41:56: -------- Mapchange to de_cache --------
L 05/19/2016 - 12:44:10: Log file closed.
L 05/19/2016 - 12:44:23: SourceMod log file session started (file "L20160519.log") (Version "1.8.0.5893")
L 05/19/2016 - 12:44:23: -------- Mapchange to de_dust2 --------
L 05/19/2016 - 12:46:59: Log file closed.
L 05/19/2016 - 12:47:12: SourceMod log file session started (file "L20160519.log") (Version "1.8.0.5893")
L 05/19/2016 - 12:47:12: -------- Mapchange to de_dust2 --------
L 05/19/2016 - 12:47:34: -------- Mapchange to de_dust2 --------
L 05/19/2016 - 12:47:36: [kiwi-mysqlstats.smx] Starting match id 10
L 05/19/2016 - 12:47:41: -------- Mapchange to de_cache --------
L 05/19/2016 - 12:48:12: Log file closed.
L 05/19/2016 - 12:48:26: SourceMod log file session started (file "L20160519.log") (Version "1.8.0.5893")
L 05/19/2016 - 12:48:26: -------- Mapchange to de_dust2 --------
L 05/19/2016 - 12:57:02: Log file closed.
L 05/19/2016 - 12:57:15: SourceMod log file session started (file "L20160519.log") (Version "1.8.0.5893")
L 05/19/2016 - 12:57:15: -------- Mapchange to de_dust2 --------
L 05/19/2016 - 12:57:50: Log file closed.
L 05/19/2016 - 12:58:02: SourceMod log file session started (file "L20160519.log") (Version "1.8.0.5893")
L 05/19/2016 - 12:58:02: -------- Mapchange to de_dust2 --------
L 05/19/2016 - 12:58:20: -------- Mapchange to de_dust2 --------
L 05/19/2016 - 12:58:22: [kiwi-mysqlstats.smx] Starting match id 11
L 05/19/2016 - 12:58:27: -------- Mapchange to de_cache --------
L 05/19/2016 - 13:03:30: Log file closed.
L 05/19/2016 - 13:03:43: SourceMod log file session started (file "L20160519.log") (Version "1.8.0.5893")
L 05/19/2016 - 13:03:43: -------- Mapchange to de_dust2 --------
L 05/19/2016 - 13:04:25: -------- Mapchange to de_dust2 --------
L 05/19/2016 - 13:04:27: [kiwi-mysqlstats.smx] Starting match id 12
L 05/19/2016 - 13:04:32: -------- Mapchange to de_cache --------
L 05/19/2016 - 13:04:50: [kiwi.smx] Recording to kiwi-match-12.dem
L 05/19/2016 - 13:08:23: Log file closed.
L 05/19/2016 - 13:08:36: SourceMod log file session started (file "L20160519.log") (Version "1.8.0.5893")
L 05/19/2016 - 13:08:36: -------- Mapchange to de_dust2 --------
L 05/19/2016 - 14:05:16: Log file closed.
L 05/19/2016 - 14:05:29: SourceMod log file session started (file "L20160519.log") (Version "1.8.0.5893")
L 05/19/2016 - 14:05:29: -------- Mapchange to de_dust2 --------
L 05/19/2016 - 14:05:53: -------- Mapchange to de_dust2 --------
L 05/19/2016 - 14:05:55: [kiwi-mysqlstats.smx] Starting match id 13
L 05/19/2016 - 14:06:00: -------- Mapchange to de_cache --------
L 05/19/2016 - 14:07:33: [kiwi.smx] Recording to kiwi-match-13.dem
L 05/19/2016 - 14:10:25: Log file closed.
L 05/19/2016 - 14:10:38: SourceMod log file session started (file "L20160519.log") (Version "1.8.0.5893")
L 05/19/2016 - 14:10:38: -------- Mapchange to de_dust2 --------
L 05/19/2016 - 14:13:29: Log file closed.
L 05/19/2016 - 14:13:42: SourceMod log file session started (file "L20160519.log") (Version "1.8.0.5893")
L 05/19/2016 - 14:13:42: -------- Mapchange to de_dust2 --------
L 05/19/2016 - 14:16:24: -------- Mapchange to de_dust2 --------
L 05/19/2016 - 14:16:26: [kiwi-mysqlstats.smx] Starting match id 14
L 05/19/2016 - 14:16:31: -------- Mapchange to de_cache --------
L 05/19/2016 - 14:19:33: [kiwi.smx] Recording to kiwi-match-14.dem
L 05/19/2016 - 14:25:45: [kiwi-mysqlstats.smx] UpdateRoundStats map 0
L 05/19/2016 - 14:26:37: Log file closed.
L 05/19/2016 - 14:26:52: SourceMod log file session started (file "L20160519.log") (Version "1.8.0.5893")
L 05/19/2016 - 14:26:52: -------- Mapchange to de_dust2 --------
L 05/19/2016 - 17:47:50: -------- Mapchange to de_dust2 --------
L 05/19/2016 - 17:48:45: -------- Mapchange to de_dust2 --------
L 05/19/2016 - 17:48:47: [kiwi-mysqlstats.smx] Starting match id 15
L 05/19/2016 - 17:48:52: -------- Mapchange to de_cache --------
L 05/19/2016 - 17:49:48: [sounds.smx] "drop<5><STEAM_1:0:39990><>" played sound on "drop<5><STEAM_1:0:39990><>" (file "phoon")
L 05/19/2016 - 17:50:01: [sounds.smx] "drop<5><STEAM_1:0:39990><>" played sound on "drop<5><STEAM_1:0:39990><>" (file "yolo")
L 05/19/2016 - 17:50:09: [sounds.smx] "drop<5><STEAM_1:0:39990><>" played sound on "drop<5><STEAM_1:0:39990><>" (file "phoon.wav")
L 05/19/2016 - 17:53:55: Log file closed.
L 05/19/2016 - 17:54:08: SourceMod log file session started (file "L20160519.log") (Version "1.8.0.5893")
L 05/19/2016 - 17:54:08: -------- Mapchange to de_dust2 --------
L 05/19/2016 - 18:01:15: Log file closed.
L 05/19/2016 - 18:01:28: SourceMod log file session started (file "L20160519.log") (Version "1.8.0.5893")
L 05/19/2016 - 18:01:28: -------- Mapchange to de_dust2 --------
L 05/19/2016 - 18:03:12: -------- Mapchange to de_dust2 --------
L 05/19/2016 - 18:03:14: [kiwi-mysqlstats.smx] Starting match id 16
L 05/19/2016 - 18:03:19: -------- Mapchange to de_cache --------
L 05/19/2016 - 18:08:22: Log file closed.
L 05/19/2016 - 18:08:35: SourceMod log file session started (file "L20160519.log") (Version "1.8.0.5893")
L 05/19/2016 - 18:08:35: -------- Mapchange to de_dust2 --------
L 05/19/2016 - 18:10:02: -------- Mapchange to de_dust2 --------
L 05/19/2016 - 18:10:04: [kiwi-mysqlstats.smx] Starting match id 17
L 05/19/2016 - 18:10:09: -------- Mapchange to de_cache --------
L 05/19/2016 - 18:12:03: [kiwi.smx] Recording to kiwi-match-17.dem
L 05/19/2016 - 18:13:49: [kiwi-mysqlstats.smx] UpdateRoundStats map 0
L 05/19/2016 - 18:14:22: [kiwi-mysqlstats.smx] UpdateRoundStats map 0
L 05/19/2016 - 18:15:01: [kiwi-mysqlstats.smx] UpdateRoundStats map 0
L 05/19/2016 - 18:15:43: [kiwi-mysqlstats.smx] UpdateRoundStats map 0
L 05/19/2016 - 18:16:40: [kiwi-mysqlstats.smx] UpdateRoundStats map 0
L 05/19/2016 - 18:17:23: [kiwi-mysqlstats.smx] UpdateRoundStats map 0
L 05/19/2016 - 18:18:09: [kiwi-mysqlstats.smx] UpdateRoundStats map 0
L 05/19/2016 - 18:18:53: [kiwi-mysqlstats.smx] UpdateRoundStats map 0
L 05/19/2016 - 18:19:32: [kiwi-mysqlstats.smx] UpdateRoundStats map 0
L 05/19/2016 - 18:20:12: [kiwi-mysqlstats.smx] UpdateRoundStats map 0
L 05/19/2016 - 18:20:45: [kiwi-mysqlstats.smx] UpdateRoundStats map 0
L 05/19/2016 - 18:21:36: [kiwi-mysqlstats.smx] UpdateRoundStats map 0
L 05/19/2016 - 18:22:12: [kiwi-mysqlstats.smx] UpdateRoundStats map 0
L 05/19/2016 - 18:22:39: Log file closed.
L 05/19/2016 - 18:22:53: SourceMod log file session started (file "L20160519.log") (Version "1.8.0.5893")
L 05/19/2016 - 18:22:53: -------- Mapchange to de_dust2 --------
L 05/19/2016 - 20:03:09: Log file closed.
L 05/19/2016 - 20:03:22: SourceMod log file session started (file "L20160519.log") (Version "1.8.0.5893")
L 05/19/2016 - 20:03:22: -------- Mapchange to de_dust2 --------
L 05/19/2016 - 20:03:29: Log file closed.
L 05/19/2016 - 20:03:42: SourceMod log file session started (file "L20160519.log") (Version "1.8.0.5893")
L 05/19/2016 - 20:03:42: -------- Mapchange to de_dust2 --------
L 05/19/2016 - 20:03:49: Log file closed.
L 05/19/2016 - 20:04:02: SourceMod log file session started (file "L20160519.log") (Version "1.8.0.5893")
L 05/19/2016 - 20:04:02: -------- Mapchange to de_dust2 --------
L 05/19/2016 - 20:04:09: Log file closed.
L 05/19/2016 - 20:04:22: SourceMod log file session started (file "L20160519.log") (Version "1.8.0.5893")
L 05/19/2016 - 20:04:22: -------- Mapchange to de_dust2 --------
L 05/19/2016 - 20:04:29: Log file closed.
L 05/19/2016 - 20:04:43: SourceMod log file session started (file "L20160519.log") (Version "1.8.0.5893")
L 05/19/2016 - 20:04:43: -------- Mapchange to de_dust2 --------
L 05/19/2016 - 20:04:48: Log file closed.
L 05/19/2016 - 20:05:00: SourceMod log file session started (file "L20160519.log") (Version "1.8.0.5893")
L 05/19/2016 - 20:05:00: -------- Mapchange to de_dust2 --------
L 05/19/2016 - 20:05:10: Log file closed.
L 05/19/2016 - 20:05:24: SourceMod log file session started (file "L20160519.log") (Version "1.8.0.5893")
L 05/19/2016 - 20:05:24: -------- Mapchange to de_dust2 --------
L 05/19/2016 - 20:05:33: Log file closed.
L 05/19/2016 - 20:05:46: SourceMod log file session started (file "L20160519.log") (Version "1.8.0.5893")
L 05/19/2016 - 20:05:46: -------- Mapchange to de_dust2 --------
L 05/19/2016 - 20:05:53: Log file closed.
L 05/19/2016 - 20:06:06: SourceMod log file session started (file "L20160519.log") (Version "1.8.0.5893")
L 05/19/2016 - 20:06:06: -------- Mapchange to de_dust2 --------
L 05/19/2016 - 20:06:13: Log file closed.
L 05/19/2016 - 20:06:26: SourceMod log file session started (file "L20160519.log") (Version "1.8.0.5893")
L 05/19/2016 - 20:06:26: -------- Mapchange to de_dust2 --------
L 05/19/2016 - 20:06:33: Log file closed.
L 05/19/2016 - 20:06:46: SourceMod log file session started (file "L20160519.log") (Version "1.8.0.5893")
L 05/19/2016 - 20:06:46: -------- Mapchange to de_dust2 --------
L 05/19/2016 - 20:06:53: Log file closed.
L 05/19/2016 - 20:07:07: SourceMod log file session started (file "L20160519.log") (Version "1.8.0.5893")
L 05/19/2016 - 20:07:07: -------- Mapchange to de_dust2 --------
L 05/19/2016 - 20:07:14: Log file closed.
L 05/19/2016 - 20:07:27: SourceMod log file session started (file "L20160519.log") (Version "1.8.0.5893")
L 05/19/2016 - 20:07:27: -------- Mapchange to de_dust2 --------
L 05/19/2016 - 20:07:34: Log file closed.
L 05/19/2016 - 20:07:47: SourceMod log file session started (file "L20160519.log") (Version "1.8.0.5893")
L 05/19/2016 - 20:07:47: -------- Mapchange to de_dust2 --------
L 05/19/2016 - 20:07:54: Log file closed.
L 05/19/2016 - 20:08:07: SourceMod log file session started (file "L20160519.log") (Version "1.8.0.5893")
L 05/19/2016 - 20:08:07: -------- Mapchange to de_dust2 --------
L 05/19/2016 - 20:08:14: Log file closed.
L 05/19/2016 - 20:08:27: SourceMod log file session started (file "L20160519.log") (Version "1.8.0.5893")
L 05/19/2016 - 20:08:27: -------- Mapchange to de_dust2 --------
L 05/19/2016 - 20:08:34: Log file closed.
L 05/19/2016 - 20:08:47: SourceMod log file session started (file "L20160519.log") (Version "1.8.0.5893")
L 05/19/2016 - 20:08:47: -------- Mapchange to de_dust2 --------
L 05/19/2016 - 20:08:54: Log file closed.
L 05/19/2016 - 20:09:07: SourceMod log file session started (file "L20160519.log") (Version "1.8.0.5893")
L 05/19/2016 - 20:09:07: -------- Mapchange to de_dust2 --------
L 05/19/2016 - 20:09:14: Log file closed.
L 05/19/2016 - 20:09:28: SourceMod log file session started (file "L20160519.log") (Version "1.8.0.5893")
L 05/19/2016 - 20:09:28: -------- Mapchange to de_dust2 --------
L 05/19/2016 - 20:09:33: Log file closed.
L 05/19/2016 - 20:09:46: SourceMod log file session started (file "L20160519.log") (Version "1.8.0.5893")
L 05/19/2016 - 20:09:46: -------- Mapchange to de_dust2 --------
L 05/19/2016 - 20:09:53: Log file closed.
L 05/19/2016 - 20:10:06: SourceMod log file session started (file "L20160519.log") (Version "1.8.0.5893")
L 05/19/2016 - 20:10:06: -------- Mapchange to de_dust2 --------
L 05/19/2016 - 20:10:13: Log file closed.
L 05/19/2016 - 20:10:26: SourceMod log file session started (file "L20160519.log") (Version "1.8.0.5893")
L 05/19/2016 - 20:10:26: -------- Mapchange to de_dust2 --------
L 05/19/2016 - 20:10:33: Log file closed.
L 05/19/2016 - 20:10:46: SourceMod log file session started (file "L20160519.log") (Version "1.8.0.5893")
L 05/19/2016 - 20:10:46: -------- Mapchange to de_dust2 --------
L 05/19/2016 - 20:10:53: Log file closed.
L 05/19/2016 - 20:11:06: SourceMod log file session started (file "L20160519.log") (Version "1.8.0.5893")
L 05/19/2016 - 20:11:06: -------- Mapchange to de_dust2 --------
L 05/19/2016 - 20:11:14: Log file closed.
