L 05/21/2016 - 01:10:26: SourceMod error session started
L 05/21/2016 - 01:10:26: Info (map "de_mirage") (file "errors_20160521.log")
L 05/21/2016 - 01:10:26: [kiwi.smx] Failed to read input auth id "ABC", inputId
L 05/21/2016 - 01:10:26: [kiwi.smx] Failed to read input auth id "ABC", inputId
L 05/21/2016 - 01:10:26: [kiwi.smx] Failed to read input auth id "ABC", inputId
L 05/21/2016 - 01:10:26: [kiwi.smx] Failed to read input auth id "ABC", inputId
L 05/21/2016 - 01:10:26: [kiwi.smx] Failed to read input auth id "ABC", inputId
L 05/21/2016 - 01:10:26: [kiwi.smx] Failed to read input auth id "ABC", inputId
L 05/21/2016 - 01:10:26: [kiwi.smx] Failed to read input auth id "ABC", inputId
L 05/21/2016 - 01:10:26: [kiwi.smx] Failed to read input auth id "ABC", inputId
L 05/21/2016 - 01:10:26: [kiwi.smx] Failed to read input auth id "ABC", inputId
L 05/21/2016 - 01:10:27: Error log file session closed.
L 05/21/2016 - 01:16:23: SourceMod error session started
L 05/21/2016 - 01:16:23: Info (map "de_nuke") (file "errors_20160521.log")
L 05/21/2016 - 01:16:23: [kiwi.smx] Failed to read input auth id "ABC", inputId
L 05/21/2016 - 01:16:23: [kiwi.smx] Failed to read input auth id "ABC", inputId
L 05/21/2016 - 01:16:23: [kiwi.smx] Failed to read input auth id "ABC", inputId
L 05/21/2016 - 01:16:23: [kiwi.smx] Failed to read input auth id "ABC", inputId
L 05/21/2016 - 01:16:23: [kiwi.smx] Failed to read input auth id "ABC", inputId
L 05/21/2016 - 01:16:23: [kiwi.smx] Failed to read input auth id "ABC", inputId
L 05/21/2016 - 01:16:23: [kiwi.smx] Failed to read input auth id "ABC", inputId
L 05/21/2016 - 01:16:23: [kiwi.smx] Failed to read input auth id "ABC", inputId
L 05/21/2016 - 01:16:23: [kiwi.smx] Failed to read input auth id "ABC", inputId
L 05/21/2016 - 01:16:26: Error log file session closed.
L 05/21/2016 - 01:22:18: SourceMod error session started
L 05/21/2016 - 01:22:18: Info (map "de_nuke") (file "errors_20160521.log")
L 05/21/2016 - 01:22:18: [kiwi.smx] Failed to read input auth id "ABC", inputId
L 05/21/2016 - 01:22:18: [kiwi.smx] Failed to read input auth id "ABC", inputId
L 05/21/2016 - 01:22:18: [kiwi.smx] Failed to read input auth id "ABC", inputId
L 05/21/2016 - 01:22:18: [kiwi.smx] Failed to read input auth id "ABC", inputId
L 05/21/2016 - 01:22:18: [kiwi.smx] Failed to read input auth id "ABC", inputId
L 05/21/2016 - 01:22:18: [kiwi.smx] Failed to read input auth id "ABC", inputId
L 05/21/2016 - 01:22:18: [kiwi.smx] Failed to read input auth id "ABC", inputId
L 05/21/2016 - 01:22:18: [kiwi.smx] Failed to read input auth id "ABC", inputId
L 05/21/2016 - 01:22:18: [kiwi.smx] Failed to read input auth id "ABC", inputId
L 05/21/2016 - 01:22:21: Error log file session closed.
