L 05/16/2016 - 22:11:46: SourceMod error session started
L 05/16/2016 - 22:11:46: Info (map "de_dust2") (file "errors_20160516.log")
L 05/16/2016 - 22:11:46: [SM] Exception reported: Could not connect to get5 database: [2013]: Lost connection to MySQL server at 'reading initial communication packet', system error: 111
L 05/16/2016 - 22:11:46: [SM] Blaming: get5_mysqlstats.smx()
L 05/16/2016 - 22:11:46: [SM] Call stack trace:
L 05/16/2016 - 22:11:46: [SM]   [0] SetFailState
L 05/16/2016 - 22:11:46: [SM]   [1] Line 32, get5_mysqlstats.sp::OnPluginStart()
L 05/16/2016 - 22:11:46: [SM] Unable to load plugin "get5_mysqlstats.smx": Error detected in plugin startup (see error logs)
L 05/16/2016 - 22:20:47: Error log file session closed.
L 05/16/2016 - 22:21:11: SourceMod error session started
L 05/16/2016 - 22:21:11: Info (map "de_dust2") (file "errors_20160516.log")
L 05/16/2016 - 22:21:11: [SM] Exception reported: Could not connect to get5 database: [2013]: Lost connection to MySQL server at 'reading initial communication packet', system error: 111
L 05/16/2016 - 22:21:11: [SM] Blaming: get5_mysqlstats.smx()
L 05/16/2016 - 22:21:11: [SM] Call stack trace:
L 05/16/2016 - 22:21:11: [SM]   [0] SetFailState
L 05/16/2016 - 22:21:11: [SM]   [1] Line 32, get5_mysqlstats.sp::OnPluginStart()
L 05/16/2016 - 22:21:11: [SM] Unable to load plugin "get5_mysqlstats.smx": Error detected in plugin startup (see error logs)
L 05/16/2016 - 22:21:35: Error log file session closed.
L 05/16/2016 - 22:27:41: SourceMod error session started
L 05/16/2016 - 22:27:41: Info (map "de_dust2") (file "errors_20160516.log")
L 05/16/2016 - 22:27:41: [SM] Exception reported: Could not connect to get5 database: [2013]: Lost connection to MySQL server at 'reading initial communication packet', system error: 111
L 05/16/2016 - 22:27:41: [SM] Blaming: get5_mysqlstats.smx()
L 05/16/2016 - 22:27:41: [SM] Call stack trace:
L 05/16/2016 - 22:27:41: [SM]   [0] SetFailState
L 05/16/2016 - 22:27:41: [SM]   [1] Line 32, get5_mysqlstats.sp::OnPluginStart()
L 05/16/2016 - 22:27:41: [SM] Unable to load plugin "get5_mysqlstats.smx": Error detected in plugin startup (see error logs)
L 05/16/2016 - 22:29:08: Error log file session closed.
L 05/16/2016 - 22:29:12: SourceMod error session started
L 05/16/2016 - 22:29:12: Info (map "de_dust2") (file "errors_20160516.log")
L 05/16/2016 - 22:29:12: [SM] Exception reported: Could not connect to get5 database: [2013]: Lost connection to MySQL server at 'reading initial communication packet', system error: 111
L 05/16/2016 - 22:29:12: [SM] Blaming: get5_mysqlstats.smx()
L 05/16/2016 - 22:29:12: [SM] Call stack trace:
L 05/16/2016 - 22:29:12: [SM]   [0] SetFailState
L 05/16/2016 - 22:29:12: [SM]   [1] Line 32, get5_mysqlstats.sp::OnPluginStart()
L 05/16/2016 - 22:29:12: [SM] Unable to load plugin "get5_mysqlstats.smx": Error detected in plugin startup (see error logs)
L 05/16/2016 - 22:30:04: Error log file session closed.
L 05/16/2016 - 22:30:05: SourceMod error session started
L 05/16/2016 - 22:30:05: Info (map "de_dust2") (file "errors_20160516.log")
L 05/16/2016 - 22:30:05: [get5.smx] Failed to load match config: Cannot load a json config without the smjansson extension loaded
L 05/16/2016 - 22:32:53: [get5.smx] Failed to load match config: Cannot load a json config without the smjansson extension loaded
L 05/16/2016 - 22:32:53: [get5.smx] Failed to load match config: Cannot load a json config without the smjansson extension loaded
L 05/16/2016 - 22:32:53: Error log file session closed.
L 05/16/2016 - 22:36:07: SourceMod error session started
L 05/16/2016 - 22:36:07: Info (map "de_dust2") (file "errors_20160516.log")
L 05/16/2016 - 22:36:07: [get5.smx] Failed to load match config: Cannot load a json config without the smjansson extension loaded
L 05/16/2016 - 22:36:07: Error log file session closed.
L 05/16/2016 - 22:42:55: SourceMod error session started
L 05/16/2016 - 22:42:55: Info (map "de_dust2") (file "errors_20160516.log")
L 05/16/2016 - 22:42:55: [SM] Exception reported: Could not connect to get5 database: [2013]: Lost connection to MySQL server at 'reading initial communication packet', system error: 111
L 05/16/2016 - 22:42:55: [SM] Blaming: get5_mysqlstats.smx()
L 05/16/2016 - 22:42:55: [SM] Call stack trace:
L 05/16/2016 - 22:42:55: [SM]   [0] SetFailState
L 05/16/2016 - 22:42:55: [SM]   [1] Line 32, get5_mysqlstats.sp::OnPluginStart()
L 05/16/2016 - 22:42:55: [SM] Unable to load plugin "get5_mysqlstats.smx": Error detected in plugin startup (see error logs)
L 05/16/2016 - 22:43:14: Error log file session closed.
L 05/16/2016 - 22:43:15: SourceMod error session started
L 05/16/2016 - 22:43:15: Info (map "de_dust2") (file "errors_20160516.log")
L 05/16/2016 - 22:43:15: [get5.smx] Failed to load match config: Match kv file doesn't exist: "example"
L 05/16/2016 - 22:43:30: [get5.smx] Failed to load match config: Match kv file doesn't exist: "example"
L 05/16/2016 - 22:44:08: [get5.smx] Failed to load match config: Error receiving remote config: ¿
L 05/16/2016 - 22:44:08: [get5.smx] Failed to load match config: Cannot load a json config without the smjansson extension loaded
L 05/16/2016 - 22:46:46: Error log file session closed.
L 05/16/2016 - 22:46:51: SourceMod error session started
L 05/16/2016 - 22:46:51: Info (map "de_dust2") (file "errors_20160516.log")
L 05/16/2016 - 22:46:51: [SM] Exception reported: Could not connect to get5 database: [2013]: Lost connection to MySQL server at 'reading initial communication packet', system error: 111
L 05/16/2016 - 22:46:51: [SM] Blaming: get5_mysqlstats.smx()
L 05/16/2016 - 22:46:51: [SM] Call stack trace:
L 05/16/2016 - 22:46:51: [SM]   [0] SetFailState
L 05/16/2016 - 22:46:51: [SM]   [1] Line 32, get5_mysqlstats.sp::OnPluginStart()
L 05/16/2016 - 22:46:51: [SM] Unable to load plugin "get5_mysqlstats.smx": Error detected in plugin startup (see error logs)
L 05/16/2016 - 22:47:04: Error log file session closed.
L 05/16/2016 - 22:47:05: SourceMod error session started
L 05/16/2016 - 22:47:05: Info (map "de_dust2") (file "errors_20160516.log")
L 05/16/2016 - 22:47:05: [get5.smx] Failed to load match config: Match kv file doesn't exist: "example"
L 05/16/2016 - 22:47:09: [get5.smx] Failed to load match config: Match kv file doesn't exist: "example"
L 05/16/2016 - 22:48:00: [get5.smx] Failed to load match config: Missing "team1" section in match json
L 05/16/2016 - 22:48:00: [get5.smx] Failed to load match config: invalid match json
L 05/16/2016 - 22:50:08: [get5.smx] Failed to load match config: Error receiving remote config: 
L 05/16/2016 - 22:50:08: [get5.smx] Failed to load match config: Missing "team1" section in match json
L 05/16/2016 - 22:50:08: [get5.smx] Failed to load match config: invalid match json
L 05/16/2016 - 22:52:10: Error log file session closed.
L 05/16/2016 - 22:55:26: SourceMod error session started
L 05/16/2016 - 22:55:26: Info (map "de_dust2") (file "errors_20160516.log")
L 05/16/2016 - 22:55:26: [SM] Exception reported: Could not connect to get5 database: [2013]: Lost connection to MySQL server at 'reading initial communication packet', system error: 111
L 05/16/2016 - 22:55:26: [SM] Blaming: get5_mysqlstats.smx()
L 05/16/2016 - 22:55:26: [SM] Call stack trace:
L 05/16/2016 - 22:55:26: [SM]   [0] SetFailState
L 05/16/2016 - 22:55:26: [SM]   [1] Line 32, get5_mysqlstats.sp::OnPluginStart()
L 05/16/2016 - 22:55:26: [SM] Unable to load plugin "get5_mysqlstats.smx": Error detected in plugin startup (see error logs)
L 05/16/2016 - 22:55:55: Error log file session closed.
L 05/16/2016 - 22:55:56: SourceMod error session started
L 05/16/2016 - 22:55:56: Info (map "de_dust2") (file "errors_20160516.log")
L 05/16/2016 - 22:55:56: [get5.smx] Failed to load match config: Match kv file doesn't exist: "example"
L 05/16/2016 - 22:56:00: [get5.smx] Failed to load match config: Match kv file doesn't exist: "example"
L 05/16/2016 - 22:56:42: [get5.smx] Failed to load match config: Error receiving remote config: ¿
L 05/16/2016 - 22:56:42: [get5.smx] Failed to load match config: Missing "team1" section in match json
L 05/16/2016 - 22:56:42: [get5.smx] Failed to load match config: invalid match json
L 05/16/2016 - 22:58:46: [get5.smx] Failed to load match config: Missing "team1" section in match json
L 05/16/2016 - 22:58:46: [get5.smx] Failed to load match config: invalid match json
L 05/16/2016 - 23:01:01: Error log file session closed.
L 05/16/2016 - 23:08:50: SourceMod error session started
L 05/16/2016 - 23:08:50: Info (map "de_dust2") (file "errors_20160516.log")
L 05/16/2016 - 23:08:50: [SM] Exception reported: Could not connect to get5 database: [2013]: Lost connection to MySQL server at 'reading initial communication packet', system error: 111
L 05/16/2016 - 23:08:50: [SM] Blaming: get5_mysqlstats.smx()
L 05/16/2016 - 23:08:50: [SM] Call stack trace:
L 05/16/2016 - 23:08:50: [SM]   [0] SetFailState
L 05/16/2016 - 23:08:50: [SM]   [1] Line 32, get5_mysqlstats.sp::OnPluginStart()
L 05/16/2016 - 23:08:50: [SM] Unable to load plugin "get5_mysqlstats.smx": Error detected in plugin startup (see error logs)
L 05/16/2016 - 23:09:25: Error log file session closed.
L 05/16/2016 - 23:09:27: SourceMod error session started
L 05/16/2016 - 23:09:27: Info (map "de_dust2") (file "errors_20160516.log")
L 05/16/2016 - 23:09:27: [get5.smx] Failed to load match config: Match kv file doesn't exist: "example"
L 05/16/2016 - 23:09:27: [get5.smx] Failed to load match config: Missing "team1" section in match json
L 05/16/2016 - 23:09:27: [get5.smx] Failed to load match config: invalid match json
L 05/16/2016 - 23:09:30: [get5.smx] Failed to load match config: Match kv file doesn't exist: "example"
L 05/16/2016 - 23:09:52: [get5.smx] Failed to load match config: Missing "team1" section in match json
L 05/16/2016 - 23:09:52: [get5.smx] Failed to load match config: invalid match json
L 05/16/2016 - 23:11:37: [get5.smx] Failed to load match config: Missing "team1" section in match json
L 05/16/2016 - 23:11:37: [get5.smx] Failed to load match config: invalid match json
L 05/16/2016 - 23:13:10: [get5.smx] Failed to load match config: Missing "team1" section in match json
L 05/16/2016 - 23:13:10: [get5.smx] Failed to load match config: invalid match json
L 05/16/2016 - 23:28:42: Error log file session closed.
L 05/16/2016 - 23:32:24: SourceMod error session started
L 05/16/2016 - 23:32:24: Info (map "de_dust2") (file "errors_20160516.log")
L 05/16/2016 - 23:32:24: [SM] Exception reported: Could not connect to get5 database: [2013]: Lost connection to MySQL server at 'reading initial communication packet', system error: 111
L 05/16/2016 - 23:32:24: [SM] Blaming: get5_mysqlstats.smx()
L 05/16/2016 - 23:32:24: [SM] Call stack trace:
L 05/16/2016 - 23:32:24: [SM]   [0] SetFailState
L 05/16/2016 - 23:32:24: [SM]   [1] Line 32, get5_mysqlstats.sp::OnPluginStart()
L 05/16/2016 - 23:32:24: [SM] Unable to load plugin "get5_mysqlstats.smx": Error detected in plugin startup (see error logs)
L 05/16/2016 - 23:33:52: Error log file session closed.
L 05/16/2016 - 23:33:53: SourceMod error session started
L 05/16/2016 - 23:33:53: Info (map "de_dust2") (file "errors_20160516.log")
L 05/16/2016 - 23:33:53: [get5.smx] Failed to load match config: Match kv file doesn't exist: "example"
L 05/16/2016 - 23:34:08: [get5.smx] Failed to load match config: Match kv file doesn't exist: "example"
L 05/16/2016 - 23:34:43: [get5.smx] Failed to load match config: Missing "team1" section in match json
L 05/16/2016 - 23:34:43: [get5.smx] Failed to load match config: invalid match json
L 05/16/2016 - 23:35:03: Error log file session closed.
