L 05/21/2016 - 00:22:23: SourceMod log file session started (file "L20160521.log") (Version "1.8.0.5893")
L 05/21/2016 - 00:22:23: Log file closed.
L 05/21/2016 - 00:22:36: SourceMod log file session started (file "L20160521.log") (Version "1.8.0.5893")
L 05/21/2016 - 00:22:36: -------- Mapchange to de_dust2 --------
L 05/21/2016 - 00:23:15: -------- Mapchange to de_dust2 --------
L 05/21/2016 - 00:23:17: [kiwi-mysqlstats.smx] Starting match id 22
L 05/21/2016 - 00:23:23: -------- Mapchange to de_santorini --------
L 05/21/2016 - 00:24:15: [kiwi.smx] Recording to kiwi-match-22.dem
L 05/21/2016 - 00:25:44: [kiwi-mysqlstats.smx] UpdateRoundStats map 0
L 05/21/2016 - 00:26:25: [kiwi-mysqlstats.smx] UpdateRoundStats map 0
L 05/21/2016 - 00:27:14: [kiwi-mysqlstats.smx] UpdateRoundStats map 0
L 05/21/2016 - 00:27:54: Log file closed.
L 05/21/2016 - 00:28:08: SourceMod log file session started (file "L20160521.log") (Version "1.8.0.5893")
L 05/21/2016 - 00:28:08: -------- Mapchange to de_dust2 --------
L 05/21/2016 - 00:54:33: Log file closed.
L 05/21/2016 - 00:54:46: SourceMod log file session started (file "L20160521.log") (Version "1.8.0.5893")
L 05/21/2016 - 00:54:46: -------- Mapchange to de_dust2 --------
L 05/21/2016 - 01:09:54: -------- Mapchange to de_mirage --------
L 05/21/2016 - 01:10:27: -------- Mapchange to de_mirage --------
L 05/21/2016 - 01:10:29: [kiwi-mysqlstats.smx] Starting match id 23
L 05/21/2016 - 01:15:30: Log file closed.
L 05/21/2016 - 01:15:43: SourceMod log file session started (file "L20160521.log") (Version "1.8.0.5893")
L 05/21/2016 - 01:15:43: -------- Mapchange to de_dust2 --------
L 05/21/2016 - 01:16:15: -------- Mapchange to de_nuke --------
L 05/21/2016 - 01:16:26: -------- Mapchange to de_nuke --------
L 05/21/2016 - 01:16:28: [kiwi-mysqlstats.smx] Starting match id 24
L 05/21/2016 - 01:21:29: Log file closed.
L 05/21/2016 - 01:21:43: SourceMod log file session started (file "L20160521.log") (Version "1.8.0.5893")
L 05/21/2016 - 01:21:43: -------- Mapchange to de_dust2 --------
L 05/21/2016 - 01:21:59: -------- Mapchange to de_nuke --------
L 05/21/2016 - 01:22:21: -------- Mapchange to de_nuke --------
L 05/21/2016 - 01:22:23: [kiwi-mysqlstats.smx] Starting match id 25
L 05/21/2016 - 01:27:24: Log file closed.
L 05/21/2016 - 01:27:37: SourceMod log file session started (file "L20160521.log") (Version "1.8.0.5893")
L 05/21/2016 - 01:27:37: -------- Mapchange to de_dust2 --------
