L 05/27/2016 - 02:19:25: SourceMod log file session started (file "L20160527.log") (Version "1.8.0.5893")
L 05/27/2016 - 02:19:25: Log file closed.
L 05/27/2016 - 02:19:38: SourceMod log file session started (file "L20160527.log") (Version "1.8.0.5893")
L 05/27/2016 - 02:19:38: -------- Mapchange to de_dust2 --------
L 05/27/2016 - 02:39:08: -------- Mapchange to de_cbble --------
L 05/27/2016 - 02:40:01: -------- Mapchange to de_cbble --------
L 05/27/2016 - 02:40:03: [UPDATER] Successfully updated gamedata file "sdktools.games/engine.insurgency.txt"
L 05/27/2016 - 02:40:03: [UPDATER] SourceMod has been updated, please reload it or restart your server.
L 05/27/2016 - 02:43:28: Log file closed.
L 05/27/2016 - 02:43:41: SourceMod log file session started (file "L20160527.log") (Version "1.8.0.5893")
L 05/27/2016 - 02:43:41: -------- Mapchange to de_dust2 --------
L 05/27/2016 - 02:52:15: -------- Mapchange to de_santorini --------
L 05/27/2016 - 02:52:30: Log file closed.
L 05/27/2016 - 02:52:42: SourceMod log file session started (file "L20160527.log") (Version "1.8.0.5893")
L 05/27/2016 - 02:52:42: -------- Mapchange to de_dust2 --------
L 05/27/2016 - 03:09:36: -------- Mapchange to de_inferno --------
L 05/27/2016 - 03:10:48: -------- Mapchange to de_inferno --------
L 05/27/2016 - 03:11:03: -------- Mapchange to de_inferno --------
L 05/27/2016 - 03:11:39: -------- Mapchange to de_train --------
L 05/27/2016 - 03:14:48: -------- Mapchange to de_mirage --------
L 05/27/2016 - 03:15:03: -------- Mapchange to de_inferno --------
L 05/27/2016 - 03:15:40: -------- Mapchange to de_cache --------
L 05/27/2016 - 03:15:51: Log file closed.
L 05/27/2016 - 03:16:04: SourceMod log file session started (file "L20160527.log") (Version "1.8.0.5893")
L 05/27/2016 - 03:16:04: -------- Mapchange to de_dust2 --------
L 05/27/2016 - 03:18:34: -------- Mapchange to de_cbble --------
L 05/27/2016 - 03:19:04: -------- Mapchange to de_train --------
L 05/27/2016 - 03:28:22: -------- Mapchange to de_overpass --------
L 05/27/2016 - 03:28:37: -------- Mapchange to de_overpass --------
L 05/27/2016 - 03:33:50: Log file closed.
L 05/27/2016 - 03:34:03: SourceMod log file session started (file "L20160527.log") (Version "1.8.0.5893")
L 05/27/2016 - 03:34:03: -------- Mapchange to de_dust2 --------
L 05/27/2016 - 03:36:33: -------- Mapchange to de_inferno --------
L 05/27/2016 - 03:40:19: -------- Mapchange to de_cbble --------
L 05/27/2016 - 03:41:38: -------- Mapchange to de_cbble --------
L 05/27/2016 - 03:46:51: Log file closed.
L 05/27/2016 - 03:47:04: SourceMod log file session started (file "L20160527.log") (Version "1.8.0.5893")
L 05/27/2016 - 03:47:04: -------- Mapchange to de_dust2 --------
L 05/27/2016 - 03:47:13: Log file closed.
L 05/27/2016 - 03:47:26: SourceMod log file session started (file "L20160527.log") (Version "1.8.0.5893")
L 05/27/2016 - 03:47:26: -------- Mapchange to de_dust2 --------
L 05/27/2016 - 03:48:18: -------- Mapchange to de_mirage --------
L 05/27/2016 - 03:49:54: -------- Mapchange to de_mirage --------
L 05/27/2016 - 03:53:00: Log file closed.
L 05/27/2016 - 03:53:13: SourceMod log file session started (file "L20160527.log") (Version "1.8.0.5893")
L 05/27/2016 - 03:53:13: -------- Mapchange to de_dust2 --------
L 05/27/2016 - 03:54:18: -------- Mapchange to de_cache --------
L 05/27/2016 - 03:58:17: Log file closed.
L 05/27/2016 - 03:58:29: SourceMod log file session started (file "L20160527.log") (Version "1.8.0.5893")
L 05/27/2016 - 03:58:29: -------- Mapchange to de_dust2 --------
L 05/27/2016 - 03:59:20: -------- Mapchange to de_santorini --------
L 05/27/2016 - 04:00:24: Log file closed.
L 05/27/2016 - 04:00:38: SourceMod log file session started (file "L20160527.log") (Version "1.8.0.5893")
L 05/27/2016 - 04:00:38: -------- Mapchange to de_dust2 --------
L 05/27/2016 - 04:01:20: -------- Mapchange to de_santorini --------
L 05/27/2016 - 04:03:22: Log file closed.
L 05/27/2016 - 04:03:35: SourceMod log file session started (file "L20160527.log") (Version "1.8.0.5893")
L 05/27/2016 - 04:03:35: -------- Mapchange to de_dust2 --------
L 05/27/2016 - 04:04:39: -------- Mapchange to de_train --------
L 05/27/2016 - 04:06:21: Log file closed.
L 05/27/2016 - 04:06:34: SourceMod log file session started (file "L20160527.log") (Version "1.8.0.5893")
L 05/27/2016 - 04:06:34: -------- Mapchange to de_dust2 --------
L 05/27/2016 - 04:07:43: -------- Mapchange to de_dust2 --------
L 05/27/2016 - 04:08:39: -------- Mapchange to de_dust2 --------
L 05/27/2016 - 04:21:43: Log file closed.
L 05/27/2016 - 04:21:55: SourceMod log file session started (file "L20160527.log") (Version "1.8.0.5893")
L 05/27/2016 - 04:21:55: -------- Mapchange to de_dust2 --------
L 05/27/2016 - 04:22:21: -------- Mapchange to de_dust2 --------
L 05/27/2016 - 04:33:58: Log file closed.
L 05/27/2016 - 04:34:11: SourceMod log file session started (file "L20160527.log") (Version "1.8.0.5893")
L 05/27/2016 - 04:34:11: -------- Mapchange to de_dust2 --------
L 05/27/2016 - 04:35:41: -------- Mapchange to de_dust2 --------
L 05/27/2016 - 04:36:59: Log file closed.
L 05/27/2016 - 04:37:12: SourceMod log file session started (file "L20160527.log") (Version "1.8.0.5893")
L 05/27/2016 - 04:37:12: -------- Mapchange to de_dust2 --------
L 05/27/2016 - 04:38:00: -------- Mapchange to de_dust2 --------
L 05/27/2016 - 04:38:06: -------- Mapchange to de_mirage --------
