L 05/16/2016 - 22:11:46: SourceMod log file session started (file "L20160516.log") (Version "1.8.0.5893")
L 05/16/2016 - 22:11:46: -------- Mapchange to de_dust2 --------
L 05/16/2016 - 22:20:47: Log file closed.
L 05/16/2016 - 22:21:11: SourceMod log file session started (file "L20160516.log") (Version "1.8.0.5893")
L 05/16/2016 - 22:21:11: -------- Mapchange to de_dust2 --------
L 05/16/2016 - 22:21:35: -------- Mapchange to de_dust2 --------
L 05/16/2016 - 22:27:36: Log file closed.
L 05/16/2016 - 22:27:40: SourceMod log file session started (file "L20160516.log") (Version "1.8.0.5893")
L 05/16/2016 - 22:27:40: -------- Mapchange to de_dust2 --------
L 05/16/2016 - 22:29:08: Log file closed.
L 05/16/2016 - 22:29:12: SourceMod log file session started (file "L20160516.log") (Version "1.8.0.5893")
L 05/16/2016 - 22:29:12: -------- Mapchange to de_dust2 --------
L 05/16/2016 - 22:30:04: -------- Mapchange to de_dust2 --------
L 05/16/2016 - 22:32:53: -------- Mapchange to de_dust2 --------
L 05/16/2016 - 22:36:07: -------- Mapchange to de_dust2 --------
L 05/16/2016 - 22:36:57: Log file closed.
L 05/16/2016 - 22:42:55: SourceMod log file session started (file "L20160516.log") (Version "1.8.0.5893")
L 05/16/2016 - 22:42:55: -------- Mapchange to de_dust2 --------
L 05/16/2016 - 22:43:14: -------- Mapchange to de_dust2 --------
L 05/16/2016 - 22:44:08: [basecommands.smx] "drop<2><STEAM_1:0:39990><>" console command (cmdline "get5_loadmatch_url https://kiir.us/matches/match-51.json")
L 05/16/2016 - 22:46:46: Log file closed.
L 05/16/2016 - 22:46:51: SourceMod log file session started (file "L20160516.log") (Version "1.8.0.5893")
L 05/16/2016 - 22:46:51: -------- Mapchange to de_dust2 --------
L 05/16/2016 - 22:47:04: -------- Mapchange to de_dust2 --------
L 05/16/2016 - 22:48:00: [basecommands.smx] "drop<2><STEAM_1:0:39990><>" console command (cmdline "get5_loadmatch_url https://kiir.us/matches/match-51.json")
L 05/16/2016 - 22:50:08: [basecommands.smx] "drop<2><STEAM_1:0:39990><>" console command (cmdline "get5_loadmatch_url https://kiir.us/matches/match-51.json")
L 05/16/2016 - 22:52:10: Log file closed.
L 05/16/2016 - 22:55:26: SourceMod log file session started (file "L20160516.log") (Version "1.8.0.5893")
L 05/16/2016 - 22:55:26: -------- Mapchange to de_dust2 --------
L 05/16/2016 - 22:55:55: -------- Mapchange to de_dust2 --------
L 05/16/2016 - 22:56:42: [basecommands.smx] "drop<2><STEAM_1:0:39990><>" console command (cmdline "get5_loadmatch_url https://kiir.us/matches/match-48.json")
L 05/16/2016 - 22:58:46: [basecommands.smx] "drop<2><STEAM_1:0:39990><>" console command (cmdline "get5_loadmatch_url https://kiir.us/matches/match-50.json")
L 05/16/2016 - 23:01:01: Log file closed.
L 05/16/2016 - 23:08:50: SourceMod log file session started (file "L20160516.log") (Version "1.8.0.5893")
L 05/16/2016 - 23:08:50: -------- Mapchange to de_dust2 --------
L 05/16/2016 - 23:09:25: -------- Mapchange to de_dust2 --------
L 05/16/2016 - 23:09:52: [basecommands.smx] "drop<2><STEAM_1:0:39990><>" console command (cmdline "get5_loadmatch_url https://kiir.us/matches/match-0000001.json")
L 05/16/2016 - 23:11:37: [basecommands.smx] "drop<2><STEAM_1:0:39990><>" console command (cmdline "get5_loadmatch_url https://kiir.us/matches/match-0000001.json")
L 05/16/2016 - 23:13:10: [basecommands.smx] "drop<2><STEAM_1:0:39990><>" console command (cmdline "get5_loadmatch_url https://github.com/splewis/get5/blob/master/configs/get5/example_match.json")
L 05/16/2016 - 23:28:42: Log file closed.
L 05/16/2016 - 23:32:24: SourceMod log file session started (file "L20160516.log") (Version "1.8.0.5893")
L 05/16/2016 - 23:32:24: -------- Mapchange to de_dust2 --------
L 05/16/2016 - 23:33:52: -------- Mapchange to de_dust2 --------
L 05/16/2016 - 23:34:43: [basecommands.smx] "drop<2><STEAM_1:0:39990><>" console command (cmdline "get5_loadmatch_url http://kiir.us/matches/match-50.json")
L 05/16/2016 - 23:35:03: Log file closed.
