L 05/24/2016 - 15:25:43: SourceMod log file session started (file "L20160524.log") (Version "1.8.0.5893")
L 05/24/2016 - 15:25:43: [kiwi-mysqlstats.smx] Starting match id 35
L 05/24/2016 - 15:25:44: -------- Mapchange to de_dust2 --------
L 05/24/2016 - 15:26:38: Log file closed.
L 05/24/2016 - 15:26:51: SourceMod log file session started (file "L20160524.log") (Version "1.8.0.5893")
L 05/24/2016 - 15:26:51: -------- Mapchange to de_dust2 --------
L 05/24/2016 - 15:27:24: -------- Mapchange to de_dust2 --------
L 05/24/2016 - 15:27:26: [kiwi-mysqlstats.smx] Starting match id 36
L 05/24/2016 - 15:27:30: -------- Mapchange to de_mirage --------
L 05/24/2016 - 15:48:03: Log file closed.
L 05/24/2016 - 15:48:16: SourceMod log file session started (file "L20160524.log") (Version "1.8.0.5893")
L 05/24/2016 - 15:48:16: -------- Mapchange to de_dust2 --------
L 05/24/2016 - 15:49:11: -------- Mapchange to de_dust2 --------
L 05/24/2016 - 15:49:17: -------- Mapchange to de_mirage --------
L 05/24/2016 - 15:54:20: Log file closed.
L 05/24/2016 - 15:54:33: SourceMod log file session started (file "L20160524.log") (Version "1.8.0.5893")
L 05/24/2016 - 15:54:33: -------- Mapchange to de_dust2 --------
L 05/24/2016 - 16:10:25: Log file closed.
L 05/24/2016 - 16:10:38: SourceMod log file session started (file "L20160524.log") (Version "1.8.0.5893")
L 05/24/2016 - 16:10:38: -------- Mapchange to de_dust2 --------
L 05/24/2016 - 16:11:28: -------- Mapchange to de_dust2 --------
L 05/24/2016 - 16:11:34: -------- Mapchange to de_mirage --------
L 05/24/2016 - 16:16:37: Log file closed.
L 05/24/2016 - 16:16:50: SourceMod log file session started (file "L20160524.log") (Version "1.8.0.5893")
L 05/24/2016 - 16:16:50: -------- Mapchange to de_dust2 --------
L 05/24/2016 - 16:19:38: Log file closed.
L 05/24/2016 - 16:19:51: SourceMod log file session started (file "L20160524.log") (Version "1.8.0.5893")
L 05/24/2016 - 16:19:51: -------- Mapchange to de_dust2 --------
L 05/24/2016 - 16:20:39: -------- Mapchange to de_dust2 --------
L 05/24/2016 - 16:21:12: -------- Mapchange to de_dust2 --------
L 05/24/2016 - 16:21:18: -------- Mapchange to de_mirage --------
L 05/24/2016 - 16:26:21: Log file closed.
L 05/24/2016 - 16:26:34: SourceMod log file session started (file "L20160524.log") (Version "1.8.0.5893")
L 05/24/2016 - 16:26:34: -------- Mapchange to de_dust2 --------
L 05/24/2016 - 16:45:26: Log file closed.
L 05/24/2016 - 16:45:39: SourceMod log file session started (file "L20160524.log") (Version "1.8.0.5893")
L 05/24/2016 - 16:45:39: -------- Mapchange to de_dust2 --------
L 05/24/2016 - 17:10:58: SourceMod log file session started (file "L20160524.log") (Version "1.8.0.5893")
L 05/24/2016 - 17:10:58: -------- Mapchange to de_dust2 --------
L 05/24/2016 - 17:11:33: SourceMod log file session started (file "L20160524.log") (Version "1.8.0.5893")
L 05/24/2016 - 17:11:33: -------- Mapchange to de_dust2 --------
L 05/24/2016 - 17:12:08: SourceMod log file session started (file "L20160524.log") (Version "1.8.0.5893")
L 05/24/2016 - 17:12:08: -------- Mapchange to de_dust2 --------
L 05/24/2016 - 17:12:44: SourceMod log file session started (file "L20160524.log") (Version "1.8.0.5893")
L 05/24/2016 - 17:12:44: -------- Mapchange to de_dust2 --------
L 05/24/2016 - 17:13:19: SourceMod log file session started (file "L20160524.log") (Version "1.8.0.5893")
L 05/24/2016 - 17:13:19: -------- Mapchange to de_dust2 --------
L 05/24/2016 - 17:13:55: SourceMod log file session started (file "L20160524.log") (Version "1.8.0.5893")
L 05/24/2016 - 17:13:55: -------- Mapchange to de_dust2 --------
L 05/24/2016 - 17:14:29: SourceMod log file session started (file "L20160524.log") (Version "1.8.0.5893")
L 05/24/2016 - 17:14:29: -------- Mapchange to de_dust2 --------
L 05/24/2016 - 17:15:04: SourceMod log file session started (file "L20160524.log") (Version "1.8.0.5893")
L 05/24/2016 - 17:15:04: -------- Mapchange to de_dust2 --------
L 05/24/2016 - 17:15:40: SourceMod log file session started (file "L20160524.log") (Version "1.8.0.5893")
L 05/24/2016 - 17:15:40: -------- Mapchange to de_dust2 --------
L 05/24/2016 - 17:16:15: SourceMod log file session started (file "L20160524.log") (Version "1.8.0.5893")
L 05/24/2016 - 17:16:15: -------- Mapchange to de_dust2 --------
L 05/24/2016 - 17:16:50: SourceMod log file session started (file "L20160524.log") (Version "1.8.0.5893")
L 05/24/2016 - 17:16:50: -------- Mapchange to de_dust2 --------
L 05/24/2016 - 17:17:25: SourceMod log file session started (file "L20160524.log") (Version "1.8.0.5893")
L 05/24/2016 - 17:17:25: -------- Mapchange to de_dust2 --------
L 05/24/2016 - 17:17:59: SourceMod log file session started (file "L20160524.log") (Version "1.8.0.5893")
L 05/24/2016 - 17:17:59: -------- Mapchange to de_dust2 --------
L 05/24/2016 - 17:18:35: SourceMod log file session started (file "L20160524.log") (Version "1.8.0.5893")
L 05/24/2016 - 17:18:35: -------- Mapchange to de_dust2 --------
L 05/24/2016 - 17:19:09: SourceMod log file session started (file "L20160524.log") (Version "1.8.0.5893")
L 05/24/2016 - 17:19:09: -------- Mapchange to de_dust2 --------
L 05/24/2016 - 17:19:45: SourceMod log file session started (file "L20160524.log") (Version "1.8.0.5893")
L 05/24/2016 - 17:19:45: -------- Mapchange to de_dust2 --------
L 05/24/2016 - 17:20:19: SourceMod log file session started (file "L20160524.log") (Version "1.8.0.5893")
L 05/24/2016 - 17:20:19: -------- Mapchange to de_dust2 --------
L 05/24/2016 - 17:20:54: SourceMod log file session started (file "L20160524.log") (Version "1.8.0.5893")
L 05/24/2016 - 17:20:54: -------- Mapchange to de_dust2 --------
L 05/24/2016 - 17:21:30: SourceMod log file session started (file "L20160524.log") (Version "1.8.0.5893")
L 05/24/2016 - 17:21:30: -------- Mapchange to de_dust2 --------
L 05/24/2016 - 17:22:05: SourceMod log file session started (file "L20160524.log") (Version "1.8.0.5893")
L 05/24/2016 - 17:22:05: -------- Mapchange to de_dust2 --------
L 05/24/2016 - 17:22:41: SourceMod log file session started (file "L20160524.log") (Version "1.8.0.5893")
L 05/24/2016 - 17:22:41: -------- Mapchange to de_dust2 --------
L 05/24/2016 - 17:23:16: SourceMod log file session started (file "L20160524.log") (Version "1.8.0.5893")
L 05/24/2016 - 17:23:16: -------- Mapchange to de_dust2 --------
L 05/24/2016 - 17:23:51: SourceMod log file session started (file "L20160524.log") (Version "1.8.0.5893")
L 05/24/2016 - 17:23:51: -------- Mapchange to de_dust2 --------
L 05/24/2016 - 17:27:47: -------- Mapchange to de_dust2 --------
L 05/24/2016 - 17:27:53: -------- Mapchange to de_mirage --------
L 05/24/2016 - 17:33:06: Log file closed.
L 05/24/2016 - 17:33:18: SourceMod log file session started (file "L20160524.log") (Version "1.8.0.5893")
L 05/24/2016 - 17:33:18: -------- Mapchange to de_dust2 --------
L 05/24/2016 - 17:34:36: -------- Mapchange to de_dust2 --------
L 05/24/2016 - 17:34:42: -------- Mapchange to de_mirage --------
L 05/24/2016 - 17:35:09: Log file closed.
L 05/24/2016 - 17:35:22: SourceMod log file session started (file "L20160524.log") (Version "1.8.0.5893")
L 05/24/2016 - 17:35:22: -------- Mapchange to de_dust2 --------
L 05/24/2016 - 20:08:06: Log file closed.
L 05/24/2016 - 20:12:44: SourceMod log file session started (file "L20160524.log") (Version "1.8.0.5893")
L 05/24/2016 - 20:12:44: -------- Mapchange to de_dust2 --------
L 05/24/2016 - 20:14:46: Log file closed.
L 05/24/2016 - 20:14:59: SourceMod log file session started (file "L20160524.log") (Version "1.8.0.5893")
L 05/24/2016 - 20:14:59: -------- Mapchange to de_dust2 --------
L 05/24/2016 - 20:16:28: Log file closed.
L 05/24/2016 - 20:16:41: SourceMod log file session started (file "L20160524.log") (Version "1.8.0.5893")
L 05/24/2016 - 20:16:41: -------- Mapchange to de_dust2 --------
L 05/24/2016 - 20:21:55: Log file closed.
L 05/24/2016 - 20:22:09: SourceMod log file session started (file "L20160524.log") (Version "1.8.0.5893")
L 05/24/2016 - 20:22:09: -------- Mapchange to de_dust2 --------
L 05/24/2016 - 20:46:07: Log file closed.
L 05/24/2016 - 20:46:20: SourceMod log file session started (file "L20160524.log") (Version "1.8.0.5893")
L 05/24/2016 - 20:46:20: -------- Mapchange to de_dust2 --------
L 05/24/2016 - 21:16:09: SourceMod log file session started (file "L20160524.log") (Version "1.8.0.5893")
L 05/24/2016 - 21:16:09: -------- Mapchange to de_dust2 --------
L 05/24/2016 - 21:23:16: -------- Mapchange to de_dust2 --------
L 05/24/2016 - 21:24:11: -------- Mapchange to de_dust2 --------
L 05/24/2016 - 21:24:13: [kiwi-mysqlstats.smx] Starting match id 1
L 05/24/2016 - 21:25:06: [kiwi.smx] Recording to kiwi-1.dem
L 05/24/2016 - 21:26:57: [kiwi-mysqlstats.smx] UpdateRoundStats map 0
L 05/24/2016 - 21:27:28: [kiwi-mysqlstats.smx] UpdateRoundStats map 0
L 05/24/2016 - 21:28:38: [kiwi-mysqlstats.smx] UpdateRoundStats map 0
L 05/24/2016 - 21:29:25: [kiwi-mysqlstats.smx] UpdateRoundStats map 0
L 05/24/2016 - 21:30:47: [kiwi-mysqlstats.smx] UpdateRoundStats map 0
L 05/24/2016 - 21:31:40: [kiwi-mysqlstats.smx] UpdateRoundStats map 0
L 05/24/2016 - 21:32:25: [kiwi-mysqlstats.smx] UpdateRoundStats map 0
L 05/24/2016 - 21:32:59: [kiwi-mysqlstats.smx] UpdateRoundStats map 0
L 05/24/2016 - 21:33:45: [kiwi-mysqlstats.smx] UpdateRoundStats map 0
L 05/24/2016 - 21:34:34: [kiwi-mysqlstats.smx] UpdateRoundStats map 0
L 05/24/2016 - 21:35:37: [kiwi-mysqlstats.smx] UpdateRoundStats map 0
L 05/24/2016 - 21:36:16: [kiwi-mysqlstats.smx] UpdateRoundStats map 0
L 05/24/2016 - 21:36:50: [kiwi-mysqlstats.smx] UpdateRoundStats map 0
L 05/24/2016 - 21:37:24: [kiwi-mysqlstats.smx] UpdateRoundStats map 0
L 05/24/2016 - 21:38:03: [kiwi-mysqlstats.smx] UpdateRoundStats map 0
L 05/24/2016 - 21:39:25: [kiwi-mysqlstats.smx] UpdateRoundStats map 0
L 05/24/2016 - 21:41:17: [kiwi-mysqlstats.smx] UpdateRoundStats map 0
L 05/24/2016 - 21:41:52: [kiwi-mysqlstats.smx] UpdateRoundStats map 0
L 05/24/2016 - 21:42:44: [kiwi-mysqlstats.smx] UpdateRoundStats map 0
L 05/24/2016 - 21:43:53: [kiwi-mysqlstats.smx] UpdateRoundStats map 0
L 05/24/2016 - 21:44:29: [kiwi-mysqlstats.smx] UpdateRoundStats map 0
L 05/24/2016 - 21:44:59: [kiwi-mysqlstats.smx] UpdateRoundStats map 0
L 05/24/2016 - 21:45:52: [kiwi-mysqlstats.smx] UpdateRoundStats map 0
L 05/24/2016 - 21:46:16: [kiwi-mysqlstats.smx] UpdateRoundStats map 0
L 05/24/2016 - 21:46:40: [kiwi-mysqlstats.smx] UpdateRoundStats map 0
L 05/24/2016 - 21:47:04: [kiwi-mysqlstats.smx] UpdateRoundStats map 0
L 05/24/2016 - 21:48:01: Log file closed.
L 05/24/2016 - 21:48:15: SourceMod log file session started (file "L20160524.log") (Version "1.8.0.5893")
L 05/24/2016 - 21:48:15: -------- Mapchange to de_dust2 --------
