L 05/17/2016 - 11:17:02: SourceMod error session started
L 05/17/2016 - 11:17:02: Info (map "de_dust2") (file "errors_20160517.log")
L 05/17/2016 - 11:17:02: [SM] Exception reported: Could not connect to get5 database: [2013]: Lost connection to MySQL server at 'reading initial communication packet', system error: 111
L 05/17/2016 - 11:17:02: [SM] Blaming: get5_mysqlstats.smx()
L 05/17/2016 - 11:17:02: [SM] Call stack trace:
L 05/17/2016 - 11:17:02: [SM]   [0] SetFailState
L 05/17/2016 - 11:17:02: [SM]   [1] Line 32, get5_mysqlstats.sp::OnPluginStart()
L 05/17/2016 - 11:17:02: [SM] Unable to load plugin "get5_mysqlstats.smx": Error detected in plugin startup (see error logs)
L 05/17/2016 - 11:18:47: Error log file session closed.
L 05/17/2016 - 11:18:49: SourceMod error session started
L 05/17/2016 - 11:18:49: Info (map "de_dust2") (file "errors_20160517.log")
L 05/17/2016 - 11:18:49: [get5.smx] Failed to load match config: Match kv file doesn't exist: "example"
L 05/17/2016 - 11:19:05: [get5.smx] Failed to load match config: Match kv file doesn't exist: "example"
L 05/17/2016 - 11:21:05: [get5.smx] Failed to load match config: Error receiving remote config: Couldn't resolve host 'http'
L 05/17/2016 - 11:21:05: [get5.smx] Failed to load match config: Missing "team1" section in match json
L 05/17/2016 - 11:21:05: [get5.smx] Failed to load match config: invalid match json
L 05/17/2016 - 11:21:35: [get5.smx] Failed to load match config: Missing "team1" section in match json
L 05/17/2016 - 11:21:35: [get5.smx] Failed to load match config: invalid match json
L 05/17/2016 - 11:23:51: Error log file session closed.
L 05/17/2016 - 11:28:40: SourceMod error session started
L 05/17/2016 - 11:28:40: Info (map "de_cache") (file "errors_20160517.log")
L 05/17/2016 - 11:28:40: [get5.smx] GOTV demo could not be recorded since tv_enable is not set to 1
L 05/17/2016 - 11:43:58: Error log file session closed.
L 05/17/2016 - 11:46:05: SourceMod error session started
L 05/17/2016 - 11:46:05: Info (map "de_dust2") (file "errors_20160517.log")
L 05/17/2016 - 11:46:05: [SM] Exception reported: Could not connect to get5 database: [2013]: Lost connection to MySQL server at 'reading initial communication packet', system error: 111
L 05/17/2016 - 11:46:05: [SM] Blaming: get5_mysqlstats.smx()
L 05/17/2016 - 11:46:05: [SM] Call stack trace:
L 05/17/2016 - 11:46:05: [SM]   [0] SetFailState
L 05/17/2016 - 11:46:05: [SM]   [1] Line 32, get5_mysqlstats.sp::OnPluginStart()
L 05/17/2016 - 11:46:05: [SM] Unable to load plugin "get5_mysqlstats.smx": Error detected in plugin startup (see error logs)
L 05/17/2016 - 11:46:11: Error log file session closed.
L 05/17/2016 - 11:46:12: SourceMod error session started
L 05/17/2016 - 11:46:12: Info (map "de_dust2") (file "errors_20160517.log")
L 05/17/2016 - 11:46:12: [get5.smx] Failed to load match config: Match kv file doesn't exist: "example"
L 05/17/2016 - 11:46:26: [get5.smx] Failed to load match config: Match kv file doesn't exist: "example"
L 05/17/2016 - 11:46:57: [get5.smx] Failed to load match config: Error receiving remote config: ™˜y
L 05/17/2016 - 11:47:02: Error log file session closed.
L 05/17/2016 - 11:52:24: SourceMod error session started
L 05/17/2016 - 11:52:24: Info (map "de_dust2") (file "errors_20160517.log")
L 05/17/2016 - 11:52:24: [SM] Exception reported: Could not connect to get5 database: [2013]: Lost connection to MySQL server at 'reading initial communication packet', system error: 111
L 05/17/2016 - 11:52:24: [SM] Blaming: get5_mysqlstats.smx()
L 05/17/2016 - 11:52:24: [SM] Call stack trace:
L 05/17/2016 - 11:52:24: [SM]   [0] SetFailState
L 05/17/2016 - 11:52:24: [SM]   [1] Line 32, get5_mysqlstats.sp::OnPluginStart()
L 05/17/2016 - 11:52:24: [SM] Unable to load plugin "get5_mysqlstats.smx": Error detected in plugin startup (see error logs)
L 05/17/2016 - 12:13:52: Error log file session closed.
L 05/17/2016 - 12:13:56: SourceMod error session started
L 05/17/2016 - 12:13:56: Info (map "de_dust2") (file "errors_20160517.log")
L 05/17/2016 - 12:13:56: [SM] Exception reported: Could not connect to get5 database: [2013]: Lost connection to MySQL server at 'reading initial communication packet', system error: 111
L 05/17/2016 - 12:13:56: [SM] Blaming: get5_mysqlstats.smx()
L 05/17/2016 - 12:13:56: [SM] Call stack trace:
L 05/17/2016 - 12:13:56: [SM]   [0] SetFailState
L 05/17/2016 - 12:13:56: [SM]   [1] Line 32, get5_mysqlstats.sp::OnPluginStart()
L 05/17/2016 - 12:13:56: [SM] Unable to load plugin "get5_mysqlstats.smx": Error detected in plugin startup (see error logs)
L 05/17/2016 - 12:14:42: Error log file session closed.
L 05/17/2016 - 12:18:06: SourceMod error session started
L 05/17/2016 - 12:18:06: Info (map "de_dust2") (file "errors_20160517.log")
L 05/17/2016 - 12:18:06: [get5.smx] Failed to load match config: Error receiving remote config: 7
L 05/17/2016 - 12:18:11: Error log file session closed.
L 05/17/2016 - 12:24:12: SourceMod error session started
L 05/17/2016 - 12:24:12: Info (map "de_dust2") (file "errors_20160517.log")
L 05/17/2016 - 12:24:12: [SM] Exception reported: Could not connect to get5 database: [2013]: Lost connection to MySQL server at 'reading initial communication packet', system error: 111
L 05/17/2016 - 12:24:12: [SM] Blaming: get5_mysqlstats.smx()
L 05/17/2016 - 12:24:12: [SM] Call stack trace:
L 05/17/2016 - 12:24:12: [SM]   [0] SetFailState
L 05/17/2016 - 12:24:12: [SM]   [1] Line 32, get5_mysqlstats.sp::OnPluginStart()
L 05/17/2016 - 12:24:12: [SM] Unable to load plugin "get5_mysqlstats.smx": Error detected in plugin startup (see error logs)
L 05/17/2016 - 13:02:25: Error log file session closed.
L 05/17/2016 - 13:13:28: SourceMod error session started
L 05/17/2016 - 13:13:28: Info (map "de_dust2") (file "errors_20160517.log")
L 05/17/2016 - 13:13:28: [SM] Exception reported: Could not connect to get5 database: [2013]: Lost connection to MySQL server at 'reading initial communication packet', system error: 111
L 05/17/2016 - 13:13:28: [SM] Blaming: get5_mysqlstats.smx()
L 05/17/2016 - 13:13:28: [SM] Call stack trace:
L 05/17/2016 - 13:13:28: [SM]   [0] SetFailState
L 05/17/2016 - 13:13:28: [SM]   [1] Line 32, get5_mysqlstats.sp::OnPluginStart()
L 05/17/2016 - 13:13:28: [SM] Unable to load plugin "get5_mysqlstats.smx": Error detected in plugin startup (see error logs)
L 05/17/2016 - 13:14:21: Error log file session closed.
L 05/17/2016 - 13:18:32: SourceMod error session started
L 05/17/2016 - 13:18:32: Info (map "de_dust2") (file "errors_20160517.log")
L 05/17/2016 - 13:18:32: [SM] Exception reported: Could not connect to get5 database: [2013]: Lost connection to MySQL server at 'reading initial communication packet', system error: 111
L 05/17/2016 - 13:18:32: [SM] Blaming: get5_mysqlstats.smx()
L 05/17/2016 - 13:18:32: [SM] Call stack trace:
L 05/17/2016 - 13:18:32: [SM]   [0] SetFailState
L 05/17/2016 - 13:18:32: [SM]   [1] Line 32, get5_mysqlstats.sp::OnPluginStart()
L 05/17/2016 - 13:18:32: [SM] Unable to load plugin "get5_mysqlstats.smx": Error detected in plugin startup (see error logs)
L 05/17/2016 - 13:19:04: Error log file session closed.
L 05/17/2016 - 13:19:22: SourceMod error session started
L 05/17/2016 - 13:19:22: Info (map "de_cache") (file "errors_20160517.log")
L 05/17/2016 - 13:19:22: [get5.smx] GOTV demo could not be recorded since tv_enable is not set to 1
L 05/17/2016 - 14:04:24: Error log file session closed.
L 05/17/2016 - 14:57:36: SourceMod error session started
L 05/17/2016 - 14:57:36: Info (map "de_dust2") (file "errors_20160517.log")
L 05/17/2016 - 14:57:36: [SM] Exception reported: Could not connect to get5 database: [2013]: Lost connection to MySQL server at 'reading initial communication packet', system error: 111
L 05/17/2016 - 14:57:36: [SM] Blaming: get5_mysqlstats.smx()
L 05/17/2016 - 14:57:36: [SM] Call stack trace:
L 05/17/2016 - 14:57:36: [SM]   [0] SetFailState
L 05/17/2016 - 14:57:36: [SM]   [1] Line 32, get5_mysqlstats.sp::OnPluginStart()
L 05/17/2016 - 14:57:36: [SM] Unable to load plugin "get5_mysqlstats.smx": Error detected in plugin startup (see error logs)
L 05/17/2016 - 14:58:35: Error log file session closed.
L 05/17/2016 - 15:06:36: SourceMod error session started
L 05/17/2016 - 15:06:36: Info (map "de_dust2") (file "errors_20160517.log")
L 05/17/2016 - 15:06:36: [SM] Exception reported: Could not connect to get5 database: [2013]: Lost connection to MySQL server at 'reading initial communication packet', system error: 111
L 05/17/2016 - 15:06:36: [SM] Blaming: get5_mysqlstats.smx()
L 05/17/2016 - 15:06:36: [SM] Call stack trace:
L 05/17/2016 - 15:06:36: [SM]   [0] SetFailState
L 05/17/2016 - 15:06:36: [SM]   [1] Line 32, get5_mysqlstats.sp::OnPluginStart()
L 05/17/2016 - 15:06:36: [SM] Unable to load plugin "get5_mysqlstats.smx": Error detected in plugin startup (see error logs)
L 05/17/2016 - 15:06:43: Error log file session closed.
L 05/17/2016 - 15:07:38: SourceMod error session started
L 05/17/2016 - 15:07:38: Info (map "de_cache") (file "errors_20160517.log")
L 05/17/2016 - 15:07:38: [get5.smx] GOTV demo could not be recorded since tv_enable is not set to 1
L 05/17/2016 - 15:40:52: Error log file session closed.
L 05/17/2016 - 15:52:11: SourceMod error session started
L 05/17/2016 - 15:52:11: Info (map "de_shortdust") (file "errors_20160517.log")
L 05/17/2016 - 15:52:11: [get5.smx] GOTV demo could not be recorded since tv_enable is not set to 1
L 05/17/2016 - 15:55:25: Error log file session closed.
L 05/17/2016 - 17:04:36: SourceMod error session started
L 05/17/2016 - 17:04:36: Info (map "de_dust2") (file "errors_20160517.log")
L 05/17/2016 - 17:04:36: [SM] Exception reported: Could not connect to get5 database: [2013]: Lost connection to MySQL server at 'reading initial communication packet', system error: 111
L 05/17/2016 - 17:04:36: [SM] Blaming: get5_mysqlstats.smx()
L 05/17/2016 - 17:04:36: [SM] Call stack trace:
L 05/17/2016 - 17:04:36: [SM]   [0] SetFailState
L 05/17/2016 - 17:04:36: [SM]   [1] Line 32, get5_mysqlstats.sp::OnPluginStart()
L 05/17/2016 - 17:04:36: [SM] Unable to load plugin "get5_mysqlstats.smx": Error detected in plugin startup (see error logs)
L 05/17/2016 - 17:04:59: Error log file session closed.
L 05/17/2016 - 17:06:55: SourceMod error session started
L 05/17/2016 - 17:06:55: Info (map "de_dust2") (file "errors_20160517.log")
L 05/17/2016 - 17:06:55: [SM] Exception reported: Could not connect to get5 database: [2013]: Lost connection to MySQL server at 'reading initial communication packet', system error: 111
L 05/17/2016 - 17:06:55: [SM] Blaming: get5_mysqlstats.smx()
L 05/17/2016 - 17:06:55: [SM] Call stack trace:
L 05/17/2016 - 17:06:55: [SM]   [0] SetFailState
L 05/17/2016 - 17:06:55: [SM]   [1] Line 32, get5_mysqlstats.sp::OnPluginStart()
L 05/17/2016 - 17:06:55: [SM] Unable to load plugin "get5_mysqlstats.smx": Error detected in plugin startup (see error logs)
L 05/17/2016 - 17:07:02: Error log file session closed.
L 05/17/2016 - 17:41:58: SourceMod error session started
L 05/17/2016 - 17:41:58: Info (map "de_dust2") (file "errors_20160517.log")
L 05/17/2016 - 17:41:58: [SM] Exception reported: Could not connect to get5 database: [2013]: Lost connection to MySQL server at 'reading initial communication packet', system error: 111
L 05/17/2016 - 17:41:58: [SM] Blaming: get5_mysqlstats.smx()
L 05/17/2016 - 17:41:58: [SM] Call stack trace:
L 05/17/2016 - 17:41:58: [SM]   [0] SetFailState
L 05/17/2016 - 17:41:58: [SM]   [1] Line 32, get5_mysqlstats.sp::OnPluginStart()
L 05/17/2016 - 17:41:58: [SM] Unable to load plugin "get5_mysqlstats.smx": Error detected in plugin startup (see error logs)
L 05/17/2016 - 17:42:40: Error log file session closed.
L 05/17/2016 - 18:05:34: SourceMod error session started
L 05/17/2016 - 18:05:34: Info (map "de_dust2") (file "errors_20160517.log")
L 05/17/2016 - 18:05:34: [SM] Exception reported: Could not connect to get5 database: [2013]: Lost connection to MySQL server at 'reading initial communication packet', system error: 111
L 05/17/2016 - 18:05:34: [SM] Blaming: get5_mysqlstats.smx()
L 05/17/2016 - 18:05:34: [SM] Call stack trace:
L 05/17/2016 - 18:05:34: [SM]   [0] SetFailState
L 05/17/2016 - 18:05:34: [SM]   [1] Line 32, get5_mysqlstats.sp::OnPluginStart()
L 05/17/2016 - 18:05:34: [SM] Unable to load plugin "get5_mysqlstats.smx": Error detected in plugin startup (see error logs)
L 05/17/2016 - 18:06:13: Error log file session closed.
L 05/17/2016 - 18:06:42: SourceMod error session started
L 05/17/2016 - 18:06:42: Info (map "de_dust2") (file "errors_20160517.log")
L 05/17/2016 - 18:06:42: [SM] Exception reported: Could not connect to get5 database: [2013]: Lost connection to MySQL server at 'reading initial communication packet', system error: 111
L 05/17/2016 - 18:06:42: [SM] Blaming: get5_mysqlstats.smx()
L 05/17/2016 - 18:06:42: [SM] Call stack trace:
L 05/17/2016 - 18:06:42: [SM]   [0] SetFailState
L 05/17/2016 - 18:06:42: [SM]   [1] Line 32, get5_mysqlstats.sp::OnPluginStart()
L 05/17/2016 - 18:06:42: [SM] Unable to load plugin "get5_mysqlstats.smx": Error detected in plugin startup (see error logs)
L 05/17/2016 - 18:07:17: Error log file session closed.
L 05/17/2016 - 18:08:54: SourceMod error session started
L 05/17/2016 - 18:08:54: Info (map "de_dust2") (file "errors_20160517.log")
L 05/17/2016 - 18:08:54: [SM] Exception reported: Could not connect to get5 database: [2013]: Lost connection to MySQL server at 'reading initial communication packet', system error: 111
L 05/17/2016 - 18:08:54: [SM] Blaming: get5_mysqlstats.smx()
L 05/17/2016 - 18:08:54: [SM] Call stack trace:
L 05/17/2016 - 18:08:54: [SM]   [0] SetFailState
L 05/17/2016 - 18:08:54: [SM]   [1] Line 32, get5_mysqlstats.sp::OnPluginStart()
L 05/17/2016 - 18:08:54: [SM] Unable to load plugin "get5_mysqlstats.smx": Error detected in plugin startup (see error logs)
L 05/17/2016 - 18:09:10: Error log file session closed.
L 05/17/2016 - 19:04:18: SourceMod error session started
L 05/17/2016 - 19:04:18: Info (map "de_dust2") (file "errors_20160517.log")
L 05/17/2016 - 19:04:18: [SM] Exception reported: Could not connect to get5 database: [2013]: Lost connection to MySQL server at 'reading initial communication packet', system error: 111
L 05/17/2016 - 19:04:18: [SM] Blaming: get5_mysqlstats.smx()
L 05/17/2016 - 19:04:18: [SM] Call stack trace:
L 05/17/2016 - 19:04:18: [SM]   [0] SetFailState
L 05/17/2016 - 19:04:18: [SM]   [1] Line 32, get5_mysqlstats.sp::OnPluginStart()
L 05/17/2016 - 19:04:18: [SM] Unable to load plugin "get5_mysqlstats.smx": Error detected in plugin startup (see error logs)
L 05/17/2016 - 19:04:29: Error log file session closed.
L 05/17/2016 - 19:17:19: SourceMod error session started
L 05/17/2016 - 19:17:19: Info (map "de_dust2") (file "errors_20160517.log")
L 05/17/2016 - 19:17:19: [SM] Exception reported: Could not connect to get5 database: [2013]: Lost connection to MySQL server at 'reading initial communication packet', system error: 111
L 05/17/2016 - 19:17:19: [SM] Blaming: get5_mysqlstats.smx()
L 05/17/2016 - 19:17:19: [SM] Call stack trace:
L 05/17/2016 - 19:17:19: [SM]   [0] SetFailState
L 05/17/2016 - 19:17:19: [SM]   [1] Line 32, get5_mysqlstats.sp::OnPluginStart()
L 05/17/2016 - 19:17:19: [SM] Unable to load plugin "get5_mysqlstats.smx": Error detected in plugin startup (see error logs)
L 05/17/2016 - 19:17:32: Error log file session closed.
L 05/17/2016 - 19:21:03: SourceMod error session started
L 05/17/2016 - 19:21:03: Info (map "de_dust2") (file "errors_20160517.log")
L 05/17/2016 - 19:21:03: [SM] Exception reported: Could not connect to get5 database: [2013]: Lost connection to MySQL server at 'reading initial communication packet', system error: 111
L 05/17/2016 - 19:21:03: [SM] Blaming: get5_mysqlstats.smx()
L 05/17/2016 - 19:21:04: [SM] Call stack trace:
L 05/17/2016 - 19:21:04: [SM]   [0] SetFailState
L 05/17/2016 - 19:21:04: [SM]   [1] Line 32, get5_mysqlstats.sp::OnPluginStart()
L 05/17/2016 - 19:21:04: [SM] Unable to load plugin "get5_mysqlstats.smx": Error detected in plugin startup (see error logs)
L 05/17/2016 - 19:21:16: Error log file session closed.
L 05/17/2016 - 19:21:41: SourceMod error session started
L 05/17/2016 - 19:21:41: Info (map "de_shortdust") (file "errors_20160517.log")
L 05/17/2016 - 19:21:41: [get5.smx] GOTV demo could not be recorded since tv_enable is not set to 1
L 05/17/2016 - 19:22:44: Error log file session closed.
L 05/17/2016 - 19:30:53: SourceMod error session started
L 05/17/2016 - 19:30:53: Info (map "de_dust2") (file "errors_20160517.log")
L 05/17/2016 - 19:30:53: [SM] Exception reported: Could not connect to get5 database: [2013]: Lost connection to MySQL server at 'reading initial communication packet', system error: 111
L 05/17/2016 - 19:30:53: [SM] Blaming: get5_mysqlstats.smx()
L 05/17/2016 - 19:30:53: [SM] Call stack trace:
L 05/17/2016 - 19:30:53: [SM]   [0] SetFailState
L 05/17/2016 - 19:30:53: [SM]   [1] Line 32, get5_mysqlstats.sp::OnPluginStart()
L 05/17/2016 - 19:30:53: [SM] Unable to load plugin "get5_mysqlstats.smx": Error detected in plugin startup (see error logs)
L 05/17/2016 - 19:50:36: Error log file session closed.
L 05/17/2016 - 19:50:40: SourceMod error session started
L 05/17/2016 - 19:50:40: Info (map "de_dust2") (file "errors_20160517.log")
L 05/17/2016 - 19:50:40: [SM] Exception reported: Could not connect to get5 database: [2013]: Lost connection to MySQL server at 'reading initial communication packet', system error: 111
L 05/17/2016 - 19:50:40: [SM] Blaming: get5_mysqlstats.smx()
L 05/17/2016 - 19:50:40: [SM] Call stack trace:
L 05/17/2016 - 19:50:40: [SM]   [0] SetFailState
L 05/17/2016 - 19:50:40: [SM]   [1] Line 32, get5_mysqlstats.sp::OnPluginStart()
L 05/17/2016 - 19:50:40: [SM] Unable to load plugin "get5_mysqlstats.smx": Error detected in plugin startup (see error logs)
L 05/17/2016 - 19:51:14: Error log file session closed.
L 05/17/2016 - 20:09:30: SourceMod error session started
L 05/17/2016 - 20:09:30: Info (map "de_dust2") (file "errors_20160517.log")
L 05/17/2016 - 20:09:30: [SM] Exception reported: Could not connect to get5 database: [2013]: Lost connection to MySQL server at 'reading initial communication packet', system error: 111
L 05/17/2016 - 20:09:30: [SM] Blaming: kiwi_mysqlstats.smx()
L 05/17/2016 - 20:09:30: [SM] Call stack trace:
L 05/17/2016 - 20:09:30: [SM]   [0] SetFailState
L 05/17/2016 - 20:09:30: [SM]   [1] Line 32, kiwi_mysqlstats.sp::OnPluginStart()
L 05/17/2016 - 20:09:30: [SM] Unable to load plugin "kiwi_mysqlstats.smx": Error detected in plugin startup (see error logs)
L 05/17/2016 - 20:23:52: Error log file session closed.
L 05/17/2016 - 20:23:58: SourceMod error session started
L 05/17/2016 - 20:23:58: Info (map "de_dust2") (file "errors_20160517.log")
L 05/17/2016 - 20:23:58: [SM] Exception reported: Could not connect to get5 database: [2013]: Lost connection to MySQL server at 'reading initial communication packet', system error: 111
L 05/17/2016 - 20:23:58: [SM] Blaming: kiwi_mysqlstats.smx()
L 05/17/2016 - 20:23:58: [SM] Call stack trace:
L 05/17/2016 - 20:23:58: [SM]   [0] SetFailState
L 05/17/2016 - 20:23:58: [SM]   [1] Line 32, kiwi_mysqlstats.sp::OnPluginStart()
L 05/17/2016 - 20:23:58: [SM] Unable to load plugin "kiwi_mysqlstats.smx": Error detected in plugin startup (see error logs)
L 05/17/2016 - 20:24:53: Error log file session closed.
L 05/17/2016 - 21:36:05: SourceMod error session started
L 05/17/2016 - 21:36:05: Info (map "de_dust2") (file "errors_20160517.log")
L 05/17/2016 - 21:36:05: [SM] Exception reported: Could not connect to get5 database: [2013]: Lost connection to MySQL server at 'reading initial communication packet', system error: 111
L 05/17/2016 - 21:36:05: [SM] Blaming: kiwi_mysqlstats.smx()
L 05/17/2016 - 21:36:05: [SM] Call stack trace:
L 05/17/2016 - 21:36:05: [SM]   [0] SetFailState
L 05/17/2016 - 21:36:05: [SM]   [1] Line 32, kiwi_mysqlstats.sp::OnPluginStart()
L 05/17/2016 - 21:36:05: [SM] Unable to load plugin "kiwi_mysqlstats.smx": Error detected in plugin startup (see error logs)
L 05/17/2016 - 21:40:50: Error log file session closed.
L 05/17/2016 - 21:45:19: SourceMod error session started
L 05/17/2016 - 21:45:19: Info (map "de_dust2") (file "errors_20160517.log")
L 05/17/2016 - 21:45:19: [SM] Exception reported: Could not connect to get5 database: [2013]: Lost connection to MySQL server at 'reading initial communication packet', system error: 111
L 05/17/2016 - 21:45:19: [SM] Blaming: kiwi_mysqlstats.smx()
L 05/17/2016 - 21:45:19: [SM] Call stack trace:
L 05/17/2016 - 21:45:19: [SM]   [0] SetFailState
L 05/17/2016 - 21:45:19: [SM]   [1] Line 32, kiwi_mysqlstats.sp::OnPluginStart()
L 05/17/2016 - 21:45:19: [SM] Unable to load plugin "kiwi_mysqlstats.smx": Error detected in plugin startup (see error logs)
L 05/17/2016 - 21:45:54: Error log file session closed.
L 05/17/2016 - 21:47:33: SourceMod error session started
L 05/17/2016 - 21:47:33: Info (map "de_cache") (file "errors_20160517.log")
L 05/17/2016 - 21:47:33: [kiwi.smx] GOTV demo could not be recorded since tv_enable is not set to 1
