L 05/25/2016 - 21:41:10: SourceMod log file session started (file "L20160525.log") (Version "1.8.0.5893")
L 05/25/2016 - 21:41:10: Log file closed.
L 05/25/2016 - 21:41:22: SourceMod log file session started (file "L20160525.log") (Version "1.8.0.5893")
L 05/25/2016 - 21:41:22: -------- Mapchange to de_dust2 --------
L 05/25/2016 - 21:41:51: -------- Mapchange to de_mirage --------
L 05/25/2016 - 21:43:02: -------- Mapchange to de_mirage --------
L 05/25/2016 - 21:43:03: [kiwi-mysqlstats.smx] Starting match id 3
L 05/25/2016 - 21:44:49: [kiwi.smx] Recording to kiwi-3.dem
L 05/25/2016 - 21:47:55: [kiwi-mysqlstats.smx] UpdateRoundStats map 0
L 05/25/2016 - 21:48:33: [kiwi-mysqlstats.smx] UpdateRoundStats map 0
L 05/25/2016 - 21:49:15: [kiwi-mysqlstats.smx] UpdateRoundStats map 0
L 05/25/2016 - 21:50:07: [kiwi-mysqlstats.smx] UpdateRoundStats map 0
L 05/25/2016 - 21:50:38: [kiwi-mysqlstats.smx] UpdateRoundStats map 0
L 05/25/2016 - 21:51:33: [kiwi-mysqlstats.smx] UpdateRoundStats map 0
L 05/25/2016 - 21:52:02: [kiwi-mysqlstats.smx] UpdateRoundStats map 0
L 05/25/2016 - 21:52:42: [kiwi-mysqlstats.smx] UpdateRoundStats map 0
L 05/25/2016 - 21:53:25: [kiwi-mysqlstats.smx] UpdateRoundStats map 0
L 05/25/2016 - 21:53:55: [kiwi-mysqlstats.smx] UpdateRoundStats map 0
L 05/25/2016 - 21:54:34: [kiwi-mysqlstats.smx] UpdateRoundStats map 0
L 05/25/2016 - 21:55:37: [kiwi-mysqlstats.smx] UpdateRoundStats map 0
L 05/25/2016 - 21:56:26: [kiwi-mysqlstats.smx] UpdateRoundStats map 0
L 05/25/2016 - 21:57:10: [kiwi-mysqlstats.smx] UpdateRoundStats map 0
L 05/25/2016 - 21:57:42: [kiwi-mysqlstats.smx] UpdateRoundStats map 0
L 05/25/2016 - 21:58:22: [kiwi-mysqlstats.smx] UpdateRoundStats map 0
L 05/25/2016 - 21:58:57: [kiwi-mysqlstats.smx] UpdateRoundStats map 0
L 05/25/2016 - 21:59:34: [kiwi-mysqlstats.smx] UpdateRoundStats map 0
L 05/25/2016 - 22:00:06: [kiwi-mysqlstats.smx] UpdateRoundStats map 0
L 05/25/2016 - 22:01:02: [kiwi-mysqlstats.smx] UpdateRoundStats map 0
L 05/25/2016 - 22:01:51: [kiwi-mysqlstats.smx] UpdateRoundStats map 0
L 05/25/2016 - 22:02:40: [kiwi-mysqlstats.smx] UpdateRoundStats map 0
L 05/25/2016 - 22:03:10: [kiwi-mysqlstats.smx] UpdateRoundStats map 0
L 05/25/2016 - 22:04:46: [kiwi-mysqlstats.smx] UpdateRoundStats map 0
L 05/25/2016 - 22:05:43: Log file closed.
L 05/25/2016 - 22:05:56: SourceMod log file session started (file "L20160525.log") (Version "1.8.0.5893")
L 05/25/2016 - 22:05:56: -------- Mapchange to de_dust2 --------
