L 06/01/2016 - 15:37:52: SourceMod log file session started (file "L20160601.log") (Version "1.8.0.5893")
L 06/01/2016 - 15:37:52: -------- Mapchange to de_dust2 --------
L 06/01/2016 - 15:38:00: Log file closed.
L 06/01/2016 - 15:38:13: SourceMod log file session started (file "L20160601.log") (Version "1.8.0.5893")
L 06/01/2016 - 15:38:13: -------- Mapchange to de_dust2 --------
L 06/01/2016 - 15:38:20: Log file closed.
L 06/01/2016 - 15:38:33: SourceMod log file session started (file "L20160601.log") (Version "1.8.0.5893")
L 06/01/2016 - 15:38:33: -------- Mapchange to de_dust2 --------
L 06/01/2016 - 15:38:41: Log file closed.
L 06/01/2016 - 15:38:54: SourceMod log file session started (file "L20160601.log") (Version "1.8.0.5893")
L 06/01/2016 - 15:38:54: -------- Mapchange to de_dust2 --------
L 06/01/2016 - 15:38:59: Log file closed.
L 06/01/2016 - 15:39:11: SourceMod log file session started (file "L20160601.log") (Version "1.8.0.5893")
L 06/01/2016 - 15:39:11: -------- Mapchange to de_dust2 --------
L 06/01/2016 - 15:39:21: Log file closed.
L 06/01/2016 - 15:39:34: SourceMod log file session started (file "L20160601.log") (Version "1.8.0.5893")
L 06/01/2016 - 15:39:34: -------- Mapchange to de_dust2 --------
L 06/01/2016 - 15:39:39: Log file closed.
L 06/01/2016 - 15:39:52: SourceMod log file session started (file "L20160601.log") (Version "1.8.0.5893")
L 06/01/2016 - 15:39:52: -------- Mapchange to de_dust2 --------
L 06/01/2016 - 15:39:59: Log file closed.
L 06/01/2016 - 15:40:12: SourceMod log file session started (file "L20160601.log") (Version "1.8.0.5893")
L 06/01/2016 - 15:40:12: -------- Mapchange to de_dust2 --------
L 06/01/2016 - 15:40:20: Log file closed.
L 06/01/2016 - 15:40:32: SourceMod log file session started (file "L20160601.log") (Version "1.8.0.5893")
L 06/01/2016 - 15:40:32: -------- Mapchange to de_dust2 --------
L 06/01/2016 - 15:40:40: Log file closed.
L 06/01/2016 - 15:40:53: SourceMod log file session started (file "L20160601.log") (Version "1.8.0.5893")
L 06/01/2016 - 15:40:53: -------- Mapchange to de_dust2 --------
L 06/01/2016 - 15:41:00: Log file closed.
L 06/01/2016 - 15:41:13: SourceMod log file session started (file "L20160601.log") (Version "1.8.0.5893")
L 06/01/2016 - 15:41:13: -------- Mapchange to de_dust2 --------
L 06/01/2016 - 15:41:20: Log file closed.
L 06/01/2016 - 15:41:34: SourceMod log file session started (file "L20160601.log") (Version "1.8.0.5893")
L 06/01/2016 - 15:41:34: -------- Mapchange to de_dust2 --------
L 06/01/2016 - 15:41:39: Log file closed.
L 06/01/2016 - 15:41:52: SourceMod log file session started (file "L20160601.log") (Version "1.8.0.5893")
L 06/01/2016 - 15:41:52: -------- Mapchange to de_dust2 --------
L 06/01/2016 - 15:41:59: Log file closed.
L 06/01/2016 - 15:42:13: SourceMod log file session started (file "L20160601.log") (Version "1.8.0.5893")
L 06/01/2016 - 15:42:13: -------- Mapchange to de_dust2 --------
L 06/01/2016 - 15:42:20: Log file closed.
L 06/01/2016 - 15:42:34: SourceMod log file session started (file "L20160601.log") (Version "1.8.0.5893")
L 06/01/2016 - 15:42:34: -------- Mapchange to de_dust2 --------
L 06/01/2016 - 15:42:41: Log file closed.
L 06/01/2016 - 15:42:54: SourceMod log file session started (file "L20160601.log") (Version "1.8.0.5893")
L 06/01/2016 - 15:42:54: -------- Mapchange to de_dust2 --------
L 06/01/2016 - 15:42:59: Log file closed.
L 06/01/2016 - 15:43:13: SourceMod log file session started (file "L20160601.log") (Version "1.8.0.5893")
L 06/01/2016 - 15:43:13: -------- Mapchange to de_dust2 --------
L 06/01/2016 - 15:43:20: Log file closed.
L 06/01/2016 - 15:47:50: SourceMod log file session started (file "L20160601.log") (Version "1.8.0.5893")
L 06/01/2016 - 15:47:50: -------- Mapchange to de_dust2 --------
L 06/01/2016 - 16:24:59: Log file closed.
L 06/01/2016 - 16:25:55: SourceMod log file session started (file "L20160601.log") (Version "1.8.0.5893")
L 06/01/2016 - 16:25:55: -------- Mapchange to de_dust2 --------
L 06/01/2016 - 16:30:50: Log file closed.
L 06/01/2016 - 16:31:03: SourceMod log file session started (file "L20160601.log") (Version "1.8.0.5893")
L 06/01/2016 - 16:31:03: -------- Mapchange to de_dust2 --------
L 06/01/2016 - 16:31:46: Log file closed.
L 06/01/2016 - 16:33:45: SourceMod log file session started (file "L20160601.log") (Version "1.8.0.5893")
L 06/01/2016 - 16:33:45: -------- Mapchange to de_dust2 --------
L 06/01/2016 - 16:36:32: Log file closed.
L 06/01/2016 - 16:38:32: SourceMod log file session started (file "L20160601.log") (Version "1.8.0.5893")
L 06/01/2016 - 16:38:32: -------- Mapchange to de_dust2 --------
L 06/01/2016 - 16:38:56: Log file closed.
L 06/01/2016 - 16:42:59: SourceMod log file session started (file "L20160601.log") (Version "1.8.0.5893")
L 06/01/2016 - 16:42:59: -------- Mapchange to de_dust2 --------
L 06/01/2016 - 16:43:22: Log file closed.
L 06/01/2016 - 16:46:14: SourceMod log file session started (file "L20160601.log") (Version "1.8.0.5893")
L 06/01/2016 - 16:46:14: -------- Mapchange to de_dust2 --------
L 06/01/2016 - 16:46:33: Log file closed.
L 06/01/2016 - 16:51:55: SourceMod log file session started (file "L20160601.log") (Version "1.8.0.5893")
L 06/01/2016 - 16:51:55: -------- Mapchange to de_dust2 --------
L 06/01/2016 - 16:52:17: Log file closed.
L 06/01/2016 - 17:09:55: SourceMod log file session started (file "L20160601.log") (Version "1.8.0.5893")
L 06/01/2016 - 17:09:55: -------- Mapchange to de_dust2 --------
L 06/01/2016 - 17:18:20: Log file closed.
L 06/01/2016 - 17:22:39: SourceMod log file session started (file "L20160601.log") (Version "1.8.0.5893")
L 06/01/2016 - 17:22:39: -------- Mapchange to de_dust2 --------
L 06/01/2016 - 17:23:20: Log file closed.
L 06/01/2016 - 18:31:50: SourceMod log file session started (file "L20160601.log") (Version "1.8.0.5893")
L 06/01/2016 - 18:31:50: -------- Mapchange to de_dust2 --------
L 06/01/2016 - 18:32:19: Log file closed.
L 06/01/2016 - 18:32:35: SourceMod log file session started (file "L20160601.log") (Version "1.8.0.5893")
L 06/01/2016 - 18:32:35: -------- Mapchange to de_dust2 --------
L 06/01/2016 - 18:44:38: -------- Mapchange to de_cbble --------
L 06/01/2016 - 18:44:50: [UPDATER] Successfully updated gamedata file "sdktools.games/engine.insurgency.txt"
L 06/01/2016 - 18:44:50: [UPDATER] SourceMod has been updated, please reload it or restart your server.
L 06/01/2016 - 18:44:51: -------- Mapchange to de_cbble --------
L 06/01/2016 - 18:45:48: [kiwi.smx] Recording to kiwi-00000009.dem
L 06/01/2016 - 19:06:07: Log file closed.
L 06/01/2016 - 19:06:20: SourceMod log file session started (file "L20160601.log") (Version "1.8.0.5893")
L 06/01/2016 - 19:06:20: -------- Mapchange to de_dust2 --------
L 06/01/2016 - 19:19:37: -------- Mapchange to de_inferno --------
L 06/01/2016 - 19:19:49: -------- Mapchange to de_inferno --------
L 06/01/2016 - 19:20:23: [kiwi.smx] Recording to kiwi-00000004.dem
L 06/01/2016 - 20:00:06: Log file closed.
L 06/01/2016 - 20:00:20: SourceMod log file session started (file "L20160601.log") (Version "1.8.0.5893")
L 06/01/2016 - 20:00:20: -------- Mapchange to de_dust2 --------
L 06/01/2016 - 20:04:09: Log file closed.
L 06/01/2016 - 20:04:22: SourceMod log file session started (file "L20160601.log") (Version "1.8.0.5893")
L 06/01/2016 - 20:04:22: -------- Mapchange to de_dust2 --------
L 06/01/2016 - 20:06:06: Log file closed.
L 06/01/2016 - 20:06:19: SourceMod log file session started (file "L20160601.log") (Version "1.8.0.5893")
L 06/01/2016 - 20:06:19: -------- Mapchange to de_dust2 --------
L 06/01/2016 - 20:07:32: -------- Mapchange to de_santorini --------
L 06/01/2016 - 20:07:39: -------- Mapchange to de_santorini --------
L 06/01/2016 - 20:07:41: [kiwi-mysqlstats.smx] Starting match id 4
L 06/01/2016 - 20:08:18: [kiwi.smx] Recording to kiwi-4.dem
L 06/01/2016 - 20:10:04: [kiwi-mysqlstats.smx] UpdateRoundStats map 0
L 06/01/2016 - 20:10:42: [kiwi-mysqlstats.smx] UpdateRoundStats map 0
L 06/01/2016 - 20:11:20: [kiwi-mysqlstats.smx] UpdateRoundStats map 0
L 06/01/2016 - 20:12:03: [kiwi-mysqlstats.smx] UpdateRoundStats map 0
L 06/01/2016 - 20:12:39: [kiwi-mysqlstats.smx] UpdateRoundStats map 0
L 06/01/2016 - 20:13:30: [kiwi-mysqlstats.smx] UpdateRoundStats map 0
L 06/01/2016 - 20:14:08: [kiwi-mysqlstats.smx] UpdateRoundStats map 0
L 06/01/2016 - 20:14:44: [kiwi-mysqlstats.smx] UpdateRoundStats map 0
L 06/01/2016 - 20:15:20: [kiwi-mysqlstats.smx] UpdateRoundStats map 0
L 06/01/2016 - 20:16:08: [kiwi-mysqlstats.smx] UpdateRoundStats map 0
L 06/01/2016 - 20:16:40: [kiwi-mysqlstats.smx] UpdateRoundStats map 0
L 06/01/2016 - 20:17:36: [kiwi-mysqlstats.smx] UpdateRoundStats map 0
L 06/01/2016 - 20:18:04: [kiwi-mysqlstats.smx] UpdateRoundStats map 0
L 06/01/2016 - 20:19:24: [kiwi-mysqlstats.smx] UpdateRoundStats map 0
L 06/01/2016 - 20:20:24: [kiwi-mysqlstats.smx] UpdateRoundStats map 0
L 06/01/2016 - 20:21:09: [kiwi-mysqlstats.smx] UpdateRoundStats map 0
L 06/01/2016 - 20:21:44: [kiwi-mysqlstats.smx] UpdateRoundStats map 0
L 06/01/2016 - 20:22:30: [kiwi-mysqlstats.smx] UpdateRoundStats map 0
L 06/01/2016 - 20:23:24: [kiwi-mysqlstats.smx] UpdateRoundStats map 0
L 06/01/2016 - 20:24:02: [kiwi-mysqlstats.smx] UpdateRoundStats map 0
L 06/01/2016 - 20:24:30: [kiwi-mysqlstats.smx] UpdateRoundStats map 0
L 06/01/2016 - 20:24:57: [kiwi-mysqlstats.smx] UpdateRoundStats map 0
L 06/01/2016 - 20:25:54: Log file closed.
L 06/01/2016 - 20:26:07: SourceMod log file session started (file "L20160601.log") (Version "1.8.0.5893")
L 06/01/2016 - 20:26:07: -------- Mapchange to de_dust2 --------
