L 05/18/2016 - 01:16:56: SourceMod log file session started (file "L20160518.log") (Version "1.8.0.5893")
L 05/18/2016 - 01:16:56: Log file closed.
L 05/18/2016 - 01:16:59: SourceMod log file session started (file "L20160518.log") (Version "1.8.0.5893")
L 05/18/2016 - 01:16:59: -------- Mapchange to de_dust2 --------
L 05/18/2016 - 01:17:35: Log file closed.
L 05/18/2016 - 01:17:38: SourceMod log file session started (file "L20160518.log") (Version "1.8.0.5893")
L 05/18/2016 - 01:17:38: -------- Mapchange to de_dust2 --------
L 05/18/2016 - 01:18:49: -------- Mapchange to de_dust2 --------
L 05/18/2016 - 01:19:21: -------- Mapchange to de_dust2 --------
L 05/18/2016 - 01:19:27: -------- Mapchange to de_shortdust --------
L 05/18/2016 - 01:22:04: -------- Mapchange to de_shortdust --------
L 05/18/2016 - 01:27:08: Log file closed.
L 05/18/2016 - 01:52:34: SourceMod log file session started (file "L20160518.log") (Version "1.8.0.5893")
L 05/18/2016 - 01:52:34: -------- Mapchange to de_dust2 --------
L 05/18/2016 - 01:57:35: -------- Mapchange to de_dust2 --------
L 05/18/2016 - 01:59:43: [kiwi_mysqlstats.smx] Starting match id 1
L 05/18/2016 - 01:59:44: -------- Mapchange to de_dust2 --------
L 05/18/2016 - 01:59:51: -------- Mapchange to de_cache --------
L 05/18/2016 - 02:02:11: [kiwi_mysqlstats.smx] UpdateRoundStats map 0
L 05/18/2016 - 02:02:48: [kiwi_mysqlstats.smx] UpdateRoundStats map 0
L 05/18/2016 - 02:03:39: [kiwi_mysqlstats.smx] UpdateRoundStats map 0
L 05/18/2016 - 02:04:11: [kiwi_mysqlstats.smx] UpdateRoundStats map 0
L 05/18/2016 - 02:04:56: [kiwi_mysqlstats.smx] UpdateRoundStats map 0
L 05/18/2016 - 02:05:28: [kiwi_mysqlstats.smx] UpdateRoundStats map 0
L 05/18/2016 - 02:05:59: [kiwi_mysqlstats.smx] UpdateRoundStats map 0
L 05/18/2016 - 02:06:50: [kiwi_mysqlstats.smx] UpdateRoundStats map 0
L 05/18/2016 - 02:07:24: [kiwi_mysqlstats.smx] UpdateRoundStats map 0
L 05/18/2016 - 02:07:58: [kiwi_mysqlstats.smx] UpdateRoundStats map 0
L 05/18/2016 - 02:08:31: [kiwi_mysqlstats.smx] UpdateRoundStats map 0
L 05/18/2016 - 02:09:06: [kiwi_mysqlstats.smx] UpdateRoundStats map 0
L 05/18/2016 - 02:09:51: [kiwi_mysqlstats.smx] UpdateRoundStats map 0
L 05/18/2016 - 02:10:31: [kiwi_mysqlstats.smx] UpdateRoundStats map 0
L 05/18/2016 - 02:11:04: [kiwi_mysqlstats.smx] UpdateRoundStats map 0
L 05/18/2016 - 02:11:57: [kiwi_mysqlstats.smx] UpdateRoundStats map 0
L 05/18/2016 - 02:12:30: [kiwi_mysqlstats.smx] UpdateRoundStats map 0
L 05/18/2016 - 02:13:10: [kiwi_mysqlstats.smx] UpdateRoundStats map 0
L 05/18/2016 - 02:13:51: [kiwi_mysqlstats.smx] UpdateRoundStats map 0
L 05/18/2016 - 02:15:41: [kiwi_mysqlstats.smx] UpdateRoundStats map 0
L 05/18/2016 - 02:16:23: [kiwi_mysqlstats.smx] UpdateRoundStats map 0
L 05/18/2016 - 02:16:59: [kiwi_mysqlstats.smx] UpdateRoundStats map 0
L 05/18/2016 - 02:52:20: [kiwi_mysqlstats.smx] Starting match id 1
L 05/18/2016 - 02:52:22: -------- Mapchange to de_cache --------
L 05/18/2016 - 02:52:37: SourceMod log file session started (file "L20160518.log") (Version "1.8.0.5893")
L 05/18/2016 - 02:52:37: -------- Mapchange to de_dust2 --------
L 05/18/2016 - 02:53:18: -------- Mapchange to de_dust2 --------
L 05/18/2016 - 02:53:19: [kiwi_mysqlstats.smx] Starting match id 2
L 05/18/2016 - 02:53:25: -------- Mapchange to de_cache --------
L 05/18/2016 - 02:56:53: [kiwi_mysqlstats.smx] UpdateRoundStats map 0
L 05/18/2016 - 02:57:46: [kiwi_mysqlstats.smx] UpdateRoundStats map 0
L 05/18/2016 - 02:58:28: [kiwi_mysqlstats.smx] UpdateRoundStats map 0
L 05/18/2016 - 02:59:14: [kiwi_mysqlstats.smx] UpdateRoundStats map 0
L 05/18/2016 - 02:59:58: [kiwi_mysqlstats.smx] UpdateRoundStats map 0
L 05/18/2016 - 03:00:32: [kiwi_mysqlstats.smx] UpdateRoundStats map 0
L 05/18/2016 - 03:01:19: [kiwi_mysqlstats.smx] UpdateRoundStats map 0
L 05/18/2016 - 03:01:55: [kiwi_mysqlstats.smx] UpdateRoundStats map 0
L 05/18/2016 - 03:03:12: [kiwi_mysqlstats.smx] UpdateRoundStats map 0
L 05/18/2016 - 03:03:42: [kiwi_mysqlstats.smx] UpdateRoundStats map 0
L 05/18/2016 - 03:04:21: [kiwi_mysqlstats.smx] UpdateRoundStats map 0
L 05/18/2016 - 03:05:22: [kiwi_mysqlstats.smx] UpdateRoundStats map 0
L 05/18/2016 - 03:05:52: [kiwi_mysqlstats.smx] UpdateRoundStats map 0
L 05/18/2016 - 03:06:33: [kiwi_mysqlstats.smx] UpdateRoundStats map 0
L 05/18/2016 - 03:07:05: [kiwi_mysqlstats.smx] UpdateRoundStats map 0
L 05/18/2016 - 03:07:55: [kiwi_mysqlstats.smx] UpdateRoundStats map 0
L 05/18/2016 - 03:08:33: [kiwi_mysqlstats.smx] UpdateRoundStats map 0
L 05/18/2016 - 03:09:27: [kiwi_mysqlstats.smx] UpdateRoundStats map 0
L 05/18/2016 - 03:10:07: [kiwi_mysqlstats.smx] UpdateRoundStats map 0
L 05/18/2016 - 03:11:13: [kiwi_mysqlstats.smx] UpdateRoundStats map 0
L 05/18/2016 - 03:11:57: [kiwi_mysqlstats.smx] UpdateRoundStats map 0
L 05/18/2016 - 03:12:51: [kiwi_mysqlstats.smx] UpdateRoundStats map 0
L 05/18/2016 - 03:13:22: [kiwi_mysqlstats.smx] UpdateRoundStats map 0
L 05/18/2016 - 03:14:29: [kiwi_mysqlstats.smx] UpdateRoundStats map 0
L 05/18/2016 - 03:15:06: [kiwi_mysqlstats.smx] UpdateRoundStats map 0
L 05/18/2016 - 03:15:38: [kiwi_mysqlstats.smx] UpdateRoundStats map 0
L 05/18/2016 - 03:16:40: [kiwi_mysqlstats.smx] UpdateRoundStats map 0
L 05/18/2016 - 03:17:10: [kiwi_mysqlstats.smx] UpdateRoundStats map 0
L 05/18/2016 - 03:18:05: [kiwi_mysqlstats.smx] UpdateRoundStats map 0
L 05/18/2016 - 03:18:54: [kiwi_mysqlstats.smx] UpdateRoundStats map 0
L 05/18/2016 - 03:56:26: Log file closed.
L 05/18/2016 - 03:56:51: SourceMod log file session started (file "L20160518.log") (Version "1.8.0.5893")
L 05/18/2016 - 03:56:51: -------- Mapchange to de_dust2 --------
L 05/18/2016 - 13:19:10: Log file closed.
L 05/18/2016 - 13:19:19: SourceMod log file session started (file "L20160518.log") (Version "1.8.0.5893")
L 05/18/2016 - 13:19:19: -------- Mapchange to de_dust2 --------
L 05/18/2016 - 13:21:08: -------- Mapchange to de_dust2 --------
L 05/18/2016 - 13:21:10: [kiwi_mysqlstats.smx] Starting match id 3
L 05/18/2016 - 13:21:15: -------- Mapchange to de_cache --------
L 05/18/2016 - 13:22:56: [kiwi.smx] Recording to kiwi-match-3.dem
L 05/18/2016 - 13:24:37: [kiwi_mysqlstats.smx] UpdateRoundStats map 0
L 05/18/2016 - 13:25:55: [kiwi_mysqlstats.smx] UpdateRoundStats map 0
L 05/18/2016 - 13:26:35: [kiwi_mysqlstats.smx] UpdateRoundStats map 0
L 05/18/2016 - 13:27:15: [kiwi_mysqlstats.smx] UpdateRoundStats map 0
L 05/18/2016 - 13:27:45: [kiwi_mysqlstats.smx] UpdateRoundStats map 0
L 05/18/2016 - 13:28:16: [kiwi_mysqlstats.smx] UpdateRoundStats map 0
L 05/18/2016 - 13:29:13: [kiwi_mysqlstats.smx] UpdateRoundStats map 0
L 05/18/2016 - 13:29:59: [kiwi_mysqlstats.smx] UpdateRoundStats map 0
L 05/18/2016 - 13:30:38: [kiwi_mysqlstats.smx] UpdateRoundStats map 0
L 05/18/2016 - 13:31:29: [kiwi_mysqlstats.smx] UpdateRoundStats map 0
L 05/18/2016 - 13:31:59: [kiwi_mysqlstats.smx] UpdateRoundStats map 0
L 05/18/2016 - 13:32:37: [kiwi_mysqlstats.smx] UpdateRoundStats map 0
L 05/18/2016 - 13:33:08: [kiwi_mysqlstats.smx] UpdateRoundStats map 0
L 05/18/2016 - 13:33:51: [kiwi_mysqlstats.smx] UpdateRoundStats map 0
L 05/18/2016 - 13:34:31: [kiwi_mysqlstats.smx] UpdateRoundStats map 0
L 05/18/2016 - 13:35:31: [kiwi_mysqlstats.smx] UpdateRoundStats map 0
L 05/18/2016 - 13:36:04: [kiwi_mysqlstats.smx] UpdateRoundStats map 0
L 05/18/2016 - 13:36:35: [kiwi_mysqlstats.smx] UpdateRoundStats map 0
L 05/18/2016 - 13:37:30: [kiwi_mysqlstats.smx] UpdateRoundStats map 0
L 05/18/2016 - 13:38:13: [kiwi_mysqlstats.smx] UpdateRoundStats map 0
L 05/18/2016 - 13:39:09: [kiwi_mysqlstats.smx] UpdateRoundStats map 0
L 05/18/2016 - 13:39:55: [kiwi_mysqlstats.smx] UpdateRoundStats map 0
L 05/18/2016 - 13:40:41: [kiwi_mysqlstats.smx] UpdateRoundStats map 0
L 05/18/2016 - 13:41:25: [kiwi_mysqlstats.smx] UpdateRoundStats map 0
L 05/18/2016 - 13:42:00: [kiwi_mysqlstats.smx] UpdateRoundStats map 0
L 05/18/2016 - 13:42:36: [kiwi_mysqlstats.smx] UpdateRoundStats map 0
L 05/18/2016 - 13:43:17: Log file closed.
L 05/18/2016 - 15:04:20: SourceMod log file session started (file "L20160518.log") (Version "1.8.0.5893")
L 05/18/2016 - 15:04:20: -------- Mapchange to de_dust2 --------
L 05/18/2016 - 15:09:33: -------- Mapchange to de_dust2 --------
L 05/18/2016 - 15:09:35: [kiwi_mysqlstats.smx] Starting match id 4
L 05/18/2016 - 15:09:40: -------- Mapchange to de_cache --------
L 05/18/2016 - 15:15:54: Log file closed.
L 05/18/2016 - 16:08:04: SourceMod log file session started (file "L20160518.log") (Version "1.8.0.5893")
L 05/18/2016 - 16:08:04: -------- Mapchange to de_dust2 --------
L 05/18/2016 - 19:28:30: Log file closed.
L 05/18/2016 - 20:19:02: SourceMod log file session started (file "L20160518.log") (Version "1.8.0.5893")
L 05/18/2016 - 20:19:02: -------- Mapchange to de_dust2 --------
L 05/18/2016 - 21:13:19: Log file closed.
L 05/18/2016 - 21:13:28: SourceMod log file session started (file "L20160518.log") (Version "1.8.0.5893")
L 05/18/2016 - 21:13:28: -------- Mapchange to de_dust2 --------
L 05/18/2016 - 21:45:30: Log file closed.
L 05/18/2016 - 21:45:37: SourceMod log file session started (file "L20160518.log") (Version "1.8.0.5893")
L 05/18/2016 - 21:45:37: -------- Mapchange to de_dust2 --------
L 05/18/2016 - 21:46:52: -------- Mapchange to de_dust2 --------
L 05/18/2016 - 21:46:54: [kiwi_mysqlstats.smx] Starting match id 5
L 05/18/2016 - 21:46:58: -------- Mapchange to workshop/573735281/de_deafesl_castle --------
L 05/18/2016 - 21:47:47: [kiwi.smx] Recording to kiwi-match-5.dem
L 05/18/2016 - 21:48:37: [basecommands.smx] "drop<3><STEAM_1:0:39990><>" console command (cmdline "exit")
L 05/18/2016 - 21:48:39: Log file closed.
L 05/18/2016 - 21:48:52: SourceMod log file session started (file "L20160518.log") (Version "1.8.0.5893")
L 05/18/2016 - 21:48:52: -------- Mapchange to de_dust2 --------
L 05/18/2016 - 21:49:00: -------- Mapchange to de_dust2 --------
L 05/18/2016 - 21:49:18: -------- Mapchange to de_dust2 --------
L 05/18/2016 - 21:51:22: -------- Mapchange to de_dust2 --------
L 05/18/2016 - 21:51:24: [kiwi_mysqlstats.smx] Starting match id 6
L 05/18/2016 - 21:51:27: -------- Mapchange to workshop/573735281/de_deafesl_castle --------
L 05/18/2016 - 21:54:10: [kiwi.smx] Recording to kiwi-match-6.dem
L 05/18/2016 - 21:56:50: [basecommands.smx] "drop<6><STEAM_1:0:39990><>" console command (cmdline "exit")
L 05/18/2016 - 21:56:52: Log file closed.
L 05/18/2016 - 21:57:05: SourceMod log file session started (file "L20160518.log") (Version "1.8.0.5893")
L 05/18/2016 - 21:57:05: -------- Mapchange to de_dust2 --------
L 05/18/2016 - 21:57:12: -------- Mapchange to de_dust2 --------
L 05/18/2016 - 21:57:21: -------- Mapchange to de_dust2 --------
L 05/18/2016 - 21:57:38: -------- Mapchange to de_dust2 --------
L 05/18/2016 - 21:58:16: -------- Mapchange to de_dust2 --------
L 05/18/2016 - 21:58:42: -------- Mapchange to de_dust2 --------
L 05/18/2016 - 21:59:02: -------- Mapchange to de_dust2 --------
L 05/18/2016 - 21:59:03: [kiwi_mysqlstats.smx] Starting match id 7
L 05/18/2016 - 21:59:07: -------- Mapchange to workshop/573735281/de_deafesl_castle --------
L 05/18/2016 - 21:59:36: [kiwi.smx] Recording to kiwi-match-7.dem
L 05/18/2016 - 22:01:06: [kiwi_mysqlstats.smx] UpdateRoundStats map 0
L 05/18/2016 - 22:01:40: [kiwi_mysqlstats.smx] UpdateRoundStats map 0
L 05/18/2016 - 22:02:40: [kiwi_mysqlstats.smx] UpdateRoundStats map 0
L 05/18/2016 - 22:03:58: [kiwi_mysqlstats.smx] UpdateRoundStats map 0
L 05/18/2016 - 22:04:50: [kiwi_mysqlstats.smx] UpdateRoundStats map 0
L 05/18/2016 - 22:05:33: [kiwi_mysqlstats.smx] UpdateRoundStats map 0
L 05/18/2016 - 22:06:19: [kiwi_mysqlstats.smx] UpdateRoundStats map 0
L 05/18/2016 - 22:07:17: [kiwi_mysqlstats.smx] UpdateRoundStats map 0
L 05/18/2016 - 22:08:11: [kiwi_mysqlstats.smx] UpdateRoundStats map 0
L 05/18/2016 - 22:08:37: [kiwi_mysqlstats.smx] UpdateRoundStats map 0
L 05/18/2016 - 22:09:48: [kiwi_mysqlstats.smx] UpdateRoundStats map 0
L 05/18/2016 - 22:10:34: [kiwi_mysqlstats.smx] UpdateRoundStats map 0
L 05/18/2016 - 22:11:36: [kiwi_mysqlstats.smx] UpdateRoundStats map 0
L 05/18/2016 - 22:12:14: [kiwi_mysqlstats.smx] UpdateRoundStats map 0
L 05/18/2016 - 22:12:44: [kiwi_mysqlstats.smx] UpdateRoundStats map 0
L 05/18/2016 - 22:13:21: [kiwi_mysqlstats.smx] UpdateRoundStats map 0
L 05/18/2016 - 22:13:57: [kiwi_mysqlstats.smx] UpdateRoundStats map 0
L 05/18/2016 - 22:14:32: [kiwi_mysqlstats.smx] UpdateRoundStats map 0
L 05/18/2016 - 22:15:19: [kiwi_mysqlstats.smx] UpdateRoundStats map 0
L 05/18/2016 - 22:16:05: [kiwi_mysqlstats.smx] UpdateRoundStats map 0
L 05/18/2016 - 22:16:48: [kiwi_mysqlstats.smx] UpdateRoundStats map 0
L 05/18/2016 - 22:17:22: [kiwi_mysqlstats.smx] UpdateRoundStats map 0
L 05/18/2016 - 22:18:08: [kiwi_mysqlstats.smx] UpdateRoundStats map 0
L 05/18/2016 - 22:18:41: [kiwi_mysqlstats.smx] UpdateRoundStats map 0
L 05/18/2016 - 22:20:11: [kiwi_mysqlstats.smx] UpdateRoundStats map 0
L 05/18/2016 - 22:21:14: [kiwi_mysqlstats.smx] UpdateRoundStats map 0
L 05/18/2016 - 22:21:56: [kiwi_mysqlstats.smx] UpdateRoundStats map 0
L 05/18/2016 - 22:22:53: Log file closed.
L 05/18/2016 - 22:23:06: SourceMod log file session started (file "L20160518.log") (Version "1.8.0.5893")
L 05/18/2016 - 22:23:06: -------- Mapchange to de_dust2 --------
L 05/18/2016 - 22:52:40: Log file closed.
L 05/18/2016 - 22:52:47: SourceMod log file session started (file "L20160518.log") (Version "1.8.0.5893")
L 05/18/2016 - 22:52:47: -------- Mapchange to de_dust2 --------
